2023-03-17 03:24:20,567 INFO  SLF4JLogger:76 - [] Exception in monitor thread while connecting to server ac-ptgxnae-shard-00-00.8i1c6xr.mongodb.net:27017
com.mongodb.MongoSocketReadException: Exception receiving message
	at com.mongodb.internal.connection.InternalStreamConnection.translateReadException(InternalStreamConnection.java:707)
	at com.mongodb.internal.connection.InternalStreamConnection.receiveMessageWithAdditionalTimeout(InternalStreamConnection.java:579)
	at com.mongodb.internal.connection.InternalStreamConnection.receiveCommandMessageResponse(InternalStreamConnection.java:415)
	at com.mongodb.internal.connection.InternalStreamConnection.receive(InternalStreamConnection.java:374)
	at com.mongodb.internal.connection.DefaultServerMonitor$ServerMonitorRunnable.lookupServerDescription(DefaultServerMonitor.java:216)
	at com.mongodb.internal.connection.DefaultServerMonitor$ServerMonitorRunnable.run(DefaultServerMonitor.java:152)
	at java.base/java.lang.Thread.run(Thread.java:833)
Caused by: java.net.SocketException: Socket is closed
	at java.base/java.net.Socket.setSoTimeout(Socket.java:1218)
	at java.base/sun.security.ssl.BaseSSLSocketImpl.setSoTimeout(BaseSSLSocketImpl.java:638)
	at java.base/sun.security.ssl.SSLSocketImpl.setSoTimeout(SSLSocketImpl.java:74)
	at com.mongodb.internal.connection.SocketStream.read(SocketStream.java:133)
	at com.mongodb.internal.connection.InternalStreamConnection.receiveResponseBuffers(InternalStreamConnection.java:718)
	at com.mongodb.internal.connection.InternalStreamConnection.receiveMessageWithAdditionalTimeout(InternalStreamConnection.java:576)
	... 5 common frames omitted
2023-03-17 03:24:20,609 INFO  SLF4JLogger:76 - [] Exception in monitor thread while connecting to server ac-ptgxnae-shard-00-00.8i1c6xr.mongodb.net:27017
com.mongodb.MongoSocketException: No such host is known (ac-ptgxnae-shard-00-00.8i1c6xr.mongodb.net)
	at com.mongodb.ServerAddress.getSocketAddresses(ServerAddress.java:211)
	at com.mongodb.internal.connection.SocketStream.initializeSocket(SocketStream.java:75)
	at com.mongodb.internal.connection.SocketStream.open(SocketStream.java:65)
	at com.mongodb.internal.connection.InternalStreamConnection.open(InternalStreamConnection.java:180)
	at com.mongodb.internal.connection.DefaultServerMonitor$ServerMonitorRunnable.lookupServerDescription(DefaultServerMonitor.java:188)
	at com.mongodb.internal.connection.DefaultServerMonitor$ServerMonitorRunnable.run(DefaultServerMonitor.java:152)
	at java.base/java.lang.Thread.run(Thread.java:833)
Caused by: java.net.UnknownHostException: No such host is known (ac-ptgxnae-shard-00-00.8i1c6xr.mongodb.net)
	at java.base/java.net.Inet6AddressImpl.lookupAllHostAddr(Native Method)
	at java.base/java.net.InetAddress$PlatformNameService.lookupAllHostAddr(InetAddress.java:933)
	at java.base/java.net.InetAddress.getAddressesFromNameService(InetAddress.java:1529)
	at java.base/java.net.InetAddress$NameServiceAddresses.get(InetAddress.java:852)
	at java.base/java.net.InetAddress.getAllByName0(InetAddress.java:1519)
	at java.base/java.net.InetAddress.getAllByName(InetAddress.java:1377)
	at java.base/java.net.InetAddress.getAllByName(InetAddress.java:1305)
	at com.mongodb.ServerAddress.getSocketAddresses(ServerAddress.java:203)
	... 6 common frames omitted
2023-03-17 03:24:20,712 INFO  SLF4JLogger:76 - [] Exception in monitor thread while connecting to server ac-ptgxnae-shard-00-02.8i1c6xr.mongodb.net:27017
com.mongodb.MongoSocketReadException: Exception receiving message
	at com.mongodb.internal.connection.InternalStreamConnection.translateReadException(InternalStreamConnection.java:707)
	at com.mongodb.internal.connection.InternalStreamConnection.receiveMessageWithAdditionalTimeout(InternalStreamConnection.java:579)
	at com.mongodb.internal.connection.InternalStreamConnection.receiveCommandMessageResponse(InternalStreamConnection.java:415)
	at com.mongodb.internal.connection.InternalStreamConnection.receive(InternalStreamConnection.java:374)
	at com.mongodb.internal.connection.DefaultServerMonitor$ServerMonitorRunnable.lookupServerDescription(DefaultServerMonitor.java:216)
	at com.mongodb.internal.connection.DefaultServerMonitor$ServerMonitorRunnable.run(DefaultServerMonitor.java:152)
	at java.base/java.lang.Thread.run(Thread.java:833)
Caused by: java.net.SocketException: Socket is closed
	at java.base/java.net.Socket.setSoTimeout(Socket.java:1218)
	at java.base/sun.security.ssl.BaseSSLSocketImpl.setSoTimeout(BaseSSLSocketImpl.java:638)
	at java.base/sun.security.ssl.SSLSocketImpl.setSoTimeout(SSLSocketImpl.java:74)
	at com.mongodb.internal.connection.SocketStream.read(SocketStream.java:133)
	at com.mongodb.internal.connection.InternalStreamConnection.receiveResponseBuffers(InternalStreamConnection.java:718)
	at com.mongodb.internal.connection.InternalStreamConnection.receiveMessageWithAdditionalTimeout(InternalStreamConnection.java:576)
	... 5 common frames omitted
2023-03-17 03:24:20,711 INFO  SLF4JLogger:76 - [] Exception in monitor thread while connecting to server ac-ptgxnae-shard-00-01.8i1c6xr.mongodb.net:27017
com.mongodb.MongoSocketReadException: Exception receiving message
	at com.mongodb.internal.connection.InternalStreamConnection.translateReadException(InternalStreamConnection.java:707)
	at com.mongodb.internal.connection.InternalStreamConnection.receiveMessageWithAdditionalTimeout(InternalStreamConnection.java:579)
	at com.mongodb.internal.connection.InternalStreamConnection.receiveCommandMessageResponse(InternalStreamConnection.java:415)
	at com.mongodb.internal.connection.InternalStreamConnection.receive(InternalStreamConnection.java:374)
	at com.mongodb.internal.connection.DefaultServerMonitor$ServerMonitorRunnable.lookupServerDescription(DefaultServerMonitor.java:216)
	at com.mongodb.internal.connection.DefaultServerMonitor$ServerMonitorRunnable.run(DefaultServerMonitor.java:152)
	at java.base/java.lang.Thread.run(Thread.java:833)
Caused by: java.net.SocketException: Socket is closed
	at java.base/java.net.Socket.setSoTimeout(Socket.java:1218)
	at java.base/sun.security.ssl.BaseSSLSocketImpl.setSoTimeout(BaseSSLSocketImpl.java:638)
	at java.base/sun.security.ssl.SSLSocketImpl.setSoTimeout(SSLSocketImpl.java:74)
	at com.mongodb.internal.connection.SocketStream.read(SocketStream.java:133)
	at com.mongodb.internal.connection.InternalStreamConnection.receiveResponseBuffers(InternalStreamConnection.java:718)
	at com.mongodb.internal.connection.InternalStreamConnection.receiveMessageWithAdditionalTimeout(InternalStreamConnection.java:576)
	... 5 common frames omitted
2023-03-17 03:24:32,192 INFO  SLF4JLogger:76 - [] Exception in monitor thread while connecting to server ac-ptgxnae-shard-00-02.8i1c6xr.mongodb.net:27017
com.mongodb.MongoSocketException: No such host is known (ac-ptgxnae-shard-00-02.8i1c6xr.mongodb.net)
	at com.mongodb.ServerAddress.getSocketAddresses(ServerAddress.java:211)
	at com.mongodb.internal.connection.SocketStream.initializeSocket(SocketStream.java:75)
	at com.mongodb.internal.connection.SocketStream.open(SocketStream.java:65)
	at com.mongodb.internal.connection.InternalStreamConnection.open(InternalStreamConnection.java:180)
	at com.mongodb.internal.connection.DefaultServerMonitor$ServerMonitorRunnable.lookupServerDescription(DefaultServerMonitor.java:188)
	at com.mongodb.internal.connection.DefaultServerMonitor$ServerMonitorRunnable.run(DefaultServerMonitor.java:152)
	at java.base/java.lang.Thread.run(Thread.java:833)
Caused by: java.net.UnknownHostException: No such host is known (ac-ptgxnae-shard-00-02.8i1c6xr.mongodb.net)
	at java.base/java.net.Inet6AddressImpl.lookupAllHostAddr(Native Method)
	at java.base/java.net.InetAddress$PlatformNameService.lookupAllHostAddr(InetAddress.java:933)
	at java.base/java.net.InetAddress.getAddressesFromNameService(InetAddress.java:1529)
	at java.base/java.net.InetAddress$NameServiceAddresses.get(InetAddress.java:852)
	at java.base/java.net.InetAddress.getAllByName0(InetAddress.java:1519)
	at java.base/java.net.InetAddress.getAllByName(InetAddress.java:1377)
	at java.base/java.net.InetAddress.getAllByName(InetAddress.java:1305)
	at com.mongodb.ServerAddress.getSocketAddresses(ServerAddress.java:203)
	... 6 common frames omitted
2023-03-17 03:24:32,201 INFO  SLF4JLogger:76 - [] Exception in monitor thread while connecting to server ac-ptgxnae-shard-00-01.8i1c6xr.mongodb.net:27017
com.mongodb.MongoSocketException: No such host is known (ac-ptgxnae-shard-00-01.8i1c6xr.mongodb.net)
	at com.mongodb.ServerAddress.getSocketAddresses(ServerAddress.java:211)
	at com.mongodb.internal.connection.SocketStream.initializeSocket(SocketStream.java:75)
	at com.mongodb.internal.connection.SocketStream.open(SocketStream.java:65)
	at com.mongodb.internal.connection.InternalStreamConnection.open(InternalStreamConnection.java:180)
	at com.mongodb.internal.connection.DefaultServerMonitor$ServerMonitorRunnable.lookupServerDescription(DefaultServerMonitor.java:188)
	at com.mongodb.internal.connection.DefaultServerMonitor$ServerMonitorRunnable.run(DefaultServerMonitor.java:152)
	at java.base/java.lang.Thread.run(Thread.java:833)
Caused by: java.net.UnknownHostException: No such host is known (ac-ptgxnae-shard-00-01.8i1c6xr.mongodb.net)
	at java.base/java.net.Inet6AddressImpl.lookupAllHostAddr(Native Method)
	at java.base/java.net.InetAddress$PlatformNameService.lookupAllHostAddr(InetAddress.java:933)
	at java.base/java.net.InetAddress.getAddressesFromNameService(InetAddress.java:1529)
	at java.base/java.net.InetAddress$NameServiceAddresses.get(InetAddress.java:852)
	at java.base/java.net.InetAddress.getAllByName0(InetAddress.java:1519)
	at java.base/java.net.InetAddress.getAllByName(InetAddress.java:1377)
	at java.base/java.net.InetAddress.getAllByName(InetAddress.java:1305)
	at com.mongodb.ServerAddress.getSocketAddresses(ServerAddress.java:203)
	... 6 common frames omitted
2023-03-17 03:24:32,967 INFO  SLF4JLogger:71 - [] Opened connection [connectionId{localValue:7201, serverValue:26398}] to ac-ptgxnae-shard-00-00.8i1c6xr.mongodb.net:27017
2023-03-17 03:24:32,978 INFO  SLF4JLogger:71 - [] Monitor thread successfully connected to server with description ServerDescription{address=ac-ptgxnae-shard-00-00.8i1c6xr.mongodb.net:27017, type=REPLICA_SET_SECONDARY, state=CONNECTED, ok=true, minWireVersion=0, maxWireVersion=13, maxDocumentSize=16777216, logicalSessionTimeoutMinutes=30, roundTripTimeNanos=2198520600, setName='atlas-un03pj-shard-0', canonicalAddress=ac-ptgxnae-shard-00-00.8i1c6xr.mongodb.net:27017, hosts=[ac-ptgxnae-shard-00-00.8i1c6xr.mongodb.net:27017, ac-ptgxnae-shard-00-02.8i1c6xr.mongodb.net:27017, ac-ptgxnae-shard-00-01.8i1c6xr.mongodb.net:27017], passives=[], arbiters=[], primary='ac-ptgxnae-shard-00-02.8i1c6xr.mongodb.net:27017', tagSet=TagSet{[Tag{name='nodeType', value='ELECTABLE'}, Tag{name='provider', value='AWS'}, Tag{name='region', value='AP_SOUTH_1'}, Tag{name='workloadType', value='OPERATIONAL'}]}, electionId=null, setVersion=6, topologyVersion=TopologyVersion{processId=6412d9d25392fd5a35a009dc, counter=4}, lastWriteDate=Fri Mar 17 03:24:32 IST 2023, lastUpdateTimeNanos=389195249869800}
2023-03-17 03:24:39,335 INFO  SLF4JLogger:71 - [] Opened connection [connectionId{localValue:7204, serverValue:26372}] to ac-ptgxnae-shard-00-00.8i1c6xr.mongodb.net:27017
2023-03-17 03:24:42,404 INFO  SLF4JLogger:71 - [] Opened connection [connectionId{localValue:7206, serverValue:28170}] to ac-ptgxnae-shard-00-02.8i1c6xr.mongodb.net:27017
2023-03-17 03:24:42,407 INFO  SLF4JLogger:71 - [] Monitor thread successfully connected to server with description ServerDescription{address=ac-ptgxnae-shard-00-02.8i1c6xr.mongodb.net:27017, type=REPLICA_SET_PRIMARY, state=CONNECTED, ok=true, minWireVersion=0, maxWireVersion=13, maxDocumentSize=16777216, logicalSessionTimeoutMinutes=30, roundTripTimeNanos=134087100, setName='atlas-un03pj-shard-0', canonicalAddress=ac-ptgxnae-shard-00-02.8i1c6xr.mongodb.net:27017, hosts=[ac-ptgxnae-shard-00-00.8i1c6xr.mongodb.net:27017, ac-ptgxnae-shard-00-02.8i1c6xr.mongodb.net:27017, ac-ptgxnae-shard-00-01.8i1c6xr.mongodb.net:27017], passives=[], arbiters=[], primary='ac-ptgxnae-shard-00-02.8i1c6xr.mongodb.net:27017', tagSet=TagSet{[Tag{name='nodeType', value='ELECTABLE'}, Tag{name='provider', value='AWS'}, Tag{name='region', value='AP_SOUTH_1'}, Tag{name='workloadType', value='OPERATIONAL'}]}, electionId=7fffffff000000000000013d, setVersion=6, topologyVersion=TopologyVersion{processId=6412dafe4213620824f975e8, counter=6}, lastWriteDate=Fri Mar 17 03:24:42 IST 2023, lastUpdateTimeNanos=389204689076300}
2023-03-17 03:24:42,409 INFO  SLF4JLogger:71 - [] Discovered replica set primary ac-ptgxnae-shard-00-02.8i1c6xr.mongodb.net:27017
2023-03-17 03:24:42,418 INFO  SLF4JLogger:71 - [] Opened connection [connectionId{localValue:7205, serverValue:25457}] to ac-ptgxnae-shard-00-01.8i1c6xr.mongodb.net:27017
2023-03-17 03:24:42,420 INFO  SLF4JLogger:71 - [] Monitor thread successfully connected to server with description ServerDescription{address=ac-ptgxnae-shard-00-01.8i1c6xr.mongodb.net:27017, type=REPLICA_SET_SECONDARY, state=CONNECTED, ok=true, minWireVersion=0, maxWireVersion=13, maxDocumentSize=16777216, logicalSessionTimeoutMinutes=30, roundTripTimeNanos=149760700, setName='atlas-un03pj-shard-0', canonicalAddress=ac-ptgxnae-shard-00-01.8i1c6xr.mongodb.net:27017, hosts=[ac-ptgxnae-shard-00-00.8i1c6xr.mongodb.net:27017, ac-ptgxnae-shard-00-02.8i1c6xr.mongodb.net:27017, ac-ptgxnae-shard-00-01.8i1c6xr.mongodb.net:27017], passives=[], arbiters=[], primary='ac-ptgxnae-shard-00-02.8i1c6xr.mongodb.net:27017', tagSet=TagSet{[Tag{name='nodeType', value='ELECTABLE'}, Tag{name='provider', value='AWS'}, Tag{name='region', value='AP_SOUTH_1'}, Tag{name='workloadType', value='OPERATIONAL'}]}, electionId=null, setVersion=6, topologyVersion=TopologyVersion{processId=6412dc017ea6d26159482874, counter=3}, lastWriteDate=Fri Mar 17 03:24:42 IST 2023, lastUpdateTimeNanos=389204703348200}
2023-03-17 03:24:44,750 INFO  SLF4JLogger:71 - [] Opened connection [connectionId{localValue:7208, serverValue:25514}] to ac-ptgxnae-shard-00-01.8i1c6xr.mongodb.net:27017
2023-03-17 03:24:44,771 INFO  SLF4JLogger:71 - [] Opened connection [connectionId{localValue:7207, serverValue:27996}] to ac-ptgxnae-shard-00-02.8i1c6xr.mongodb.net:27017
2023-03-17 09:13:08,544 INFO  SLF4JLogger:76 - [] Exception in monitor thread while connecting to server ac-ptgxnae-shard-00-02.8i1c6xr.mongodb.net:27017
com.mongodb.MongoSocketReadException: Exception receiving message
	at com.mongodb.internal.connection.InternalStreamConnection.translateReadException(InternalStreamConnection.java:707)
	at com.mongodb.internal.connection.InternalStreamConnection.receiveMessageWithAdditionalTimeout(InternalStreamConnection.java:579)
	at com.mongodb.internal.connection.InternalStreamConnection.receiveCommandMessageResponse(InternalStreamConnection.java:415)
	at com.mongodb.internal.connection.InternalStreamConnection.receive(InternalStreamConnection.java:374)
	at com.mongodb.internal.connection.DefaultServerMonitor$ServerMonitorRunnable.lookupServerDescription(DefaultServerMonitor.java:216)
	at com.mongodb.internal.connection.DefaultServerMonitor$ServerMonitorRunnable.run(DefaultServerMonitor.java:152)
	at java.base/java.lang.Thread.run(Thread.java:833)
Caused by: java.net.SocketException: Socket is closed
	at java.base/java.net.Socket.setSoTimeout(Socket.java:1218)
	at java.base/sun.security.ssl.BaseSSLSocketImpl.setSoTimeout(BaseSSLSocketImpl.java:638)
	at java.base/sun.security.ssl.SSLSocketImpl.setSoTimeout(SSLSocketImpl.java:74)
	at com.mongodb.internal.connection.SocketStream.read(SocketStream.java:133)
	at com.mongodb.internal.connection.InternalStreamConnection.receiveResponseBuffers(InternalStreamConnection.java:718)
	at com.mongodb.internal.connection.InternalStreamConnection.receiveMessageWithAdditionalTimeout(InternalStreamConnection.java:576)
	... 5 common frames omitted
2023-03-17 09:13:08,544 INFO  SLF4JLogger:76 - [] Exception in monitor thread while connecting to server ac-ptgxnae-shard-00-00.8i1c6xr.mongodb.net:27017
com.mongodb.MongoSocketReadException: Exception receiving message
	at com.mongodb.internal.connection.InternalStreamConnection.translateReadException(InternalStreamConnection.java:707)
	at com.mongodb.internal.connection.InternalStreamConnection.receiveMessageWithAdditionalTimeout(InternalStreamConnection.java:579)
	at com.mongodb.internal.connection.InternalStreamConnection.receiveCommandMessageResponse(InternalStreamConnection.java:415)
	at com.mongodb.internal.connection.InternalStreamConnection.receive(InternalStreamConnection.java:374)
	at com.mongodb.internal.connection.DefaultServerMonitor$ServerMonitorRunnable.lookupServerDescription(DefaultServerMonitor.java:216)
	at com.mongodb.internal.connection.DefaultServerMonitor$ServerMonitorRunnable.run(DefaultServerMonitor.java:152)
	at java.base/java.lang.Thread.run(Thread.java:833)
Caused by: java.net.SocketException: Socket is closed
	at java.base/java.net.Socket.setSoTimeout(Socket.java:1218)
	at java.base/sun.security.ssl.BaseSSLSocketImpl.setSoTimeout(BaseSSLSocketImpl.java:638)
	at java.base/sun.security.ssl.SSLSocketImpl.setSoTimeout(SSLSocketImpl.java:74)
	at com.mongodb.internal.connection.SocketStream.read(SocketStream.java:133)
	at com.mongodb.internal.connection.InternalStreamConnection.receiveResponseBuffers(InternalStreamConnection.java:718)
	at com.mongodb.internal.connection.InternalStreamConnection.receiveMessageWithAdditionalTimeout(InternalStreamConnection.java:576)
	... 5 common frames omitted
2023-03-17 09:13:08,544 INFO  SLF4JLogger:76 - [] Exception in monitor thread while connecting to server ac-ptgxnae-shard-00-01.8i1c6xr.mongodb.net:27017
com.mongodb.MongoSocketReadException: Exception receiving message
	at com.mongodb.internal.connection.InternalStreamConnection.translateReadException(InternalStreamConnection.java:707)
	at com.mongodb.internal.connection.InternalStreamConnection.receiveMessageWithAdditionalTimeout(InternalStreamConnection.java:579)
	at com.mongodb.internal.connection.InternalStreamConnection.receiveCommandMessageResponse(InternalStreamConnection.java:415)
	at com.mongodb.internal.connection.InternalStreamConnection.receive(InternalStreamConnection.java:374)
	at com.mongodb.internal.connection.DefaultServerMonitor$ServerMonitorRunnable.lookupServerDescription(DefaultServerMonitor.java:216)
	at com.mongodb.internal.connection.DefaultServerMonitor$ServerMonitorRunnable.run(DefaultServerMonitor.java:152)
	at java.base/java.lang.Thread.run(Thread.java:833)
Caused by: java.net.SocketException: Socket is closed
	at java.base/java.net.Socket.setSoTimeout(Socket.java:1218)
	at java.base/sun.security.ssl.BaseSSLSocketImpl.setSoTimeout(BaseSSLSocketImpl.java:638)
	at java.base/sun.security.ssl.SSLSocketImpl.setSoTimeout(SSLSocketImpl.java:74)
	at com.mongodb.internal.connection.SocketStream.read(SocketStream.java:133)
	at com.mongodb.internal.connection.InternalStreamConnection.receiveResponseBuffers(InternalStreamConnection.java:718)
	at com.mongodb.internal.connection.InternalStreamConnection.receiveMessageWithAdditionalTimeout(InternalStreamConnection.java:576)
	... 5 common frames omitted
2023-03-17 09:13:08,692 INFO  SLF4JLogger:71 - [] Opened connection [connectionId{localValue:7211, serverValue:33399}] to ac-ptgxnae-shard-00-01.8i1c6xr.mongodb.net:27017
2023-03-17 09:13:08,692 INFO  SLF4JLogger:71 - [] Monitor thread successfully connected to server with description ServerDescription{address=ac-ptgxnae-shard-00-01.8i1c6xr.mongodb.net:27017, type=REPLICA_SET_SECONDARY, state=CONNECTED, ok=true, minWireVersion=0, maxWireVersion=13, maxDocumentSize=16777216, logicalSessionTimeoutMinutes=30, roundTripTimeNanos=105044600, setName='atlas-un03pj-shard-0', canonicalAddress=ac-ptgxnae-shard-00-01.8i1c6xr.mongodb.net:27017, hosts=[ac-ptgxnae-shard-00-00.8i1c6xr.mongodb.net:27017, ac-ptgxnae-shard-00-02.8i1c6xr.mongodb.net:27017, ac-ptgxnae-shard-00-01.8i1c6xr.mongodb.net:27017], passives=[], arbiters=[], primary='ac-ptgxnae-shard-00-02.8i1c6xr.mongodb.net:27017', tagSet=TagSet{[Tag{name='nodeType', value='ELECTABLE'}, Tag{name='provider', value='AWS'}, Tag{name='region', value='AP_SOUTH_1'}, Tag{name='workloadType', value='OPERATIONAL'}]}, electionId=null, setVersion=6, topologyVersion=TopologyVersion{processId=6412dc017ea6d26159482874, counter=3}, lastWriteDate=Fri Mar 17 09:13:08 IST 2023, lastUpdateTimeNanos=410125127777000}
2023-03-17 09:13:08,699 INFO  SLF4JLogger:71 - [] Opened connection [connectionId{localValue:7210, serverValue:34365}] to ac-ptgxnae-shard-00-00.8i1c6xr.mongodb.net:27017
2023-03-17 09:13:08,700 INFO  SLF4JLogger:71 - [] Monitor thread successfully connected to server with description ServerDescription{address=ac-ptgxnae-shard-00-00.8i1c6xr.mongodb.net:27017, type=REPLICA_SET_SECONDARY, state=CONNECTED, ok=true, minWireVersion=0, maxWireVersion=13, maxDocumentSize=16777216, logicalSessionTimeoutMinutes=30, roundTripTimeNanos=113537200, setName='atlas-un03pj-shard-0', canonicalAddress=ac-ptgxnae-shard-00-00.8i1c6xr.mongodb.net:27017, hosts=[ac-ptgxnae-shard-00-00.8i1c6xr.mongodb.net:27017, ac-ptgxnae-shard-00-02.8i1c6xr.mongodb.net:27017, ac-ptgxnae-shard-00-01.8i1c6xr.mongodb.net:27017], passives=[], arbiters=[], primary='ac-ptgxnae-shard-00-02.8i1c6xr.mongodb.net:27017', tagSet=TagSet{[Tag{name='nodeType', value='ELECTABLE'}, Tag{name='provider', value='AWS'}, Tag{name='region', value='AP_SOUTH_1'}, Tag{name='workloadType', value='OPERATIONAL'}]}, electionId=null, setVersion=6, topologyVersion=TopologyVersion{processId=6412d9d25392fd5a35a009dc, counter=4}, lastWriteDate=Fri Mar 17 09:13:08 IST 2023, lastUpdateTimeNanos=410125135365600}
2023-03-17 09:13:08,722 INFO  SLF4JLogger:71 - [] Opened connection [connectionId{localValue:7209, serverValue:35859}] to ac-ptgxnae-shard-00-02.8i1c6xr.mongodb.net:27017
2023-03-17 09:13:08,723 INFO  SLF4JLogger:71 - [] Monitor thread successfully connected to server with description ServerDescription{address=ac-ptgxnae-shard-00-02.8i1c6xr.mongodb.net:27017, type=REPLICA_SET_PRIMARY, state=CONNECTED, ok=true, minWireVersion=0, maxWireVersion=13, maxDocumentSize=16777216, logicalSessionTimeoutMinutes=30, roundTripTimeNanos=126619600, setName='atlas-un03pj-shard-0', canonicalAddress=ac-ptgxnae-shard-00-02.8i1c6xr.mongodb.net:27017, hosts=[ac-ptgxnae-shard-00-00.8i1c6xr.mongodb.net:27017, ac-ptgxnae-shard-00-02.8i1c6xr.mongodb.net:27017, ac-ptgxnae-shard-00-01.8i1c6xr.mongodb.net:27017], passives=[], arbiters=[], primary='ac-ptgxnae-shard-00-02.8i1c6xr.mongodb.net:27017', tagSet=TagSet{[Tag{name='nodeType', value='ELECTABLE'}, Tag{name='provider', value='AWS'}, Tag{name='region', value='AP_SOUTH_1'}, Tag{name='workloadType', value='OPERATIONAL'}]}, electionId=7fffffff000000000000013d, setVersion=6, topologyVersion=TopologyVersion{processId=6412dafe4213620824f975e8, counter=6}, lastWriteDate=Fri Mar 17 09:13:08 IST 2023, lastUpdateTimeNanos=410125158178800}
2023-03-17 09:13:08,724 INFO  SLF4JLogger:71 - [] Discovered replica set primary ac-ptgxnae-shard-00-02.8i1c6xr.mongodb.net:27017
2023-03-17 09:13:18,637 INFO  SLF4JLogger:71 - [] Opened connection [connectionId{localValue:7213, serverValue:34388}] to ac-ptgxnae-shard-00-00.8i1c6xr.mongodb.net:27017
2023-03-17 09:13:18,643 INFO  SLF4JLogger:71 - [] Opened connection [connectionId{localValue:7212, serverValue:35894}] to ac-ptgxnae-shard-00-02.8i1c6xr.mongodb.net:27017
2023-03-17 09:13:18,643 INFO  SLF4JLogger:71 - [] Opened connection [connectionId{localValue:7214, serverValue:33443}] to ac-ptgxnae-shard-00-01.8i1c6xr.mongodb.net:27017
2023-03-17 09:14:46,528 INFO  ConfigClusterResolver:43 - [] Resolving eureka endpoints via configuration
2023-03-17 09:19:46,376 INFO  ConfigClusterResolver:43 - [] Resolving eureka endpoints via configuration
2023-03-17 09:24:45,977 INFO  ConfigClusterResolver:43 - [] Resolving eureka endpoints via configuration
2023-03-17 09:29:45,982 INFO  ConfigClusterResolver:43 - [] Resolving eureka endpoints via configuration
2023-03-17 09:34:45,999 INFO  ConfigClusterResolver:43 - [] Resolving eureka endpoints via configuration
2023-03-17 09:39:46,010 INFO  ConfigClusterResolver:43 - [] Resolving eureka endpoints via configuration
2023-03-17 09:44:46,020 INFO  ConfigClusterResolver:43 - [] Resolving eureka endpoints via configuration
2023-03-17 09:49:46,027 INFO  ConfigClusterResolver:43 - [] Resolving eureka endpoints via configuration
2023-03-17 09:54:46,049 INFO  ConfigClusterResolver:43 - [] Resolving eureka endpoints via configuration
2023-03-17 09:59:46,052 INFO  ConfigClusterResolver:43 - [] Resolving eureka endpoints via configuration
2023-03-17 10:04:46,056 INFO  ConfigClusterResolver:43 - [] Resolving eureka endpoints via configuration
2023-03-17 10:09:46,073 INFO  ConfigClusterResolver:43 - [] Resolving eureka endpoints via configuration
2023-03-17 10:14:46,102 INFO  ConfigClusterResolver:43 - [] Resolving eureka endpoints via configuration
2023-03-17 10:19:46,105 INFO  ConfigClusterResolver:43 - [] Resolving eureka endpoints via configuration
2023-03-17 10:24:46,120 INFO  ConfigClusterResolver:43 - [] Resolving eureka endpoints via configuration
2023-03-17 10:29:46,140 INFO  ConfigClusterResolver:43 - [] Resolving eureka endpoints via configuration
2023-03-17 10:34:46,144 INFO  ConfigClusterResolver:43 - [] Resolving eureka endpoints via configuration
2023-03-17 10:39:46,161 INFO  ConfigClusterResolver:43 - [] Resolving eureka endpoints via configuration
2023-03-17 10:44:46,180 INFO  ConfigClusterResolver:43 - [] Resolving eureka endpoints via configuration
2023-03-17 10:49:46,195 INFO  ConfigClusterResolver:43 - [] Resolving eureka endpoints via configuration
2023-03-17 10:54:46,202 INFO  ConfigClusterResolver:43 - [] Resolving eureka endpoints via configuration
2023-03-17 10:59:46,216 INFO  ConfigClusterResolver:43 - [] Resolving eureka endpoints via configuration
2023-03-17 11:04:46,223 INFO  ConfigClusterResolver:43 - [] Resolving eureka endpoints via configuration
2023-03-17 11:09:46,239 INFO  ConfigClusterResolver:43 - [] Resolving eureka endpoints via configuration
2023-03-17 11:14:46,255 INFO  ConfigClusterResolver:43 - [] Resolving eureka endpoints via configuration
2023-03-17 11:19:46,267 INFO  ConfigClusterResolver:43 - [] Resolving eureka endpoints via configuration
2023-03-17 11:24:46,285 INFO  ConfigClusterResolver:43 - [] Resolving eureka endpoints via configuration
2023-03-17 11:29:46,295 INFO  ConfigClusterResolver:43 - [] Resolving eureka endpoints via configuration
2023-03-17 11:34:46,314 INFO  ConfigClusterResolver:43 - [] Resolving eureka endpoints via configuration
2023-03-17 11:39:46,325 INFO  ConfigClusterResolver:43 - [] Resolving eureka endpoints via configuration
2023-03-17 11:44:46,336 INFO  ConfigClusterResolver:43 - [] Resolving eureka endpoints via configuration
2023-03-17 11:49:46,344 INFO  ConfigClusterResolver:43 - [] Resolving eureka endpoints via configuration
2023-03-17 11:56:02,106 INFO  SLF4JLogger:76 - [] Exception in monitor thread while connecting to server ac-ptgxnae-shard-00-00.8i1c6xr.mongodb.net:27017
com.mongodb.MongoSocketReadTimeoutException: Timeout while receiving message
	at com.mongodb.internal.connection.InternalStreamConnection.translateReadException(InternalStreamConnection.java:701)
	at com.mongodb.internal.connection.InternalStreamConnection.receiveMessageWithAdditionalTimeout(InternalStreamConnection.java:579)
	at com.mongodb.internal.connection.InternalStreamConnection.receiveCommandMessageResponse(InternalStreamConnection.java:415)
	at com.mongodb.internal.connection.InternalStreamConnection.receive(InternalStreamConnection.java:374)
	at com.mongodb.internal.connection.DefaultServerMonitor$ServerMonitorRunnable.lookupServerDescription(DefaultServerMonitor.java:216)
	at com.mongodb.internal.connection.DefaultServerMonitor$ServerMonitorRunnable.run(DefaultServerMonitor.java:152)
	at java.base/java.lang.Thread.run(Thread.java:833)
Caused by: java.net.SocketTimeoutException: Read timed out
	at java.base/sun.nio.ch.NioSocketImpl.timedRead(NioSocketImpl.java:283)
	at java.base/sun.nio.ch.NioSocketImpl.implRead(NioSocketImpl.java:309)
	at java.base/sun.nio.ch.NioSocketImpl.read(NioSocketImpl.java:350)
	at java.base/sun.nio.ch.NioSocketImpl$1.read(NioSocketImpl.java:803)
	at java.base/java.net.Socket$SocketInputStream.read(Socket.java:966)
	at java.base/sun.security.ssl.SSLSocketInputRecord.read(SSLSocketInputRecord.java:478)
	at java.base/sun.security.ssl.SSLSocketInputRecord.readHeader(SSLSocketInputRecord.java:472)
	at java.base/sun.security.ssl.SSLSocketInputRecord.bytesInCompletePacket(SSLSocketInputRecord.java:70)
	at java.base/sun.security.ssl.SSLSocketImpl.readApplicationRecord(SSLSocketImpl.java:1460)
	at java.base/sun.security.ssl.SSLSocketImpl$AppInputStream.read(SSLSocketImpl.java:1064)
	at com.mongodb.internal.connection.SocketStream.read(SocketStream.java:109)
	at com.mongodb.internal.connection.SocketStream.read(SocketStream.java:131)
	at com.mongodb.internal.connection.InternalStreamConnection.receiveResponseBuffers(InternalStreamConnection.java:718)
	at com.mongodb.internal.connection.InternalStreamConnection.receiveMessageWithAdditionalTimeout(InternalStreamConnection.java:576)
	... 5 common frames omitted
2023-03-17 11:56:02,259 INFO  SLF4JLogger:71 - [] Opened connection [connectionId{localValue:7215, serverValue:39584}] to ac-ptgxnae-shard-00-00.8i1c6xr.mongodb.net:27017
2023-03-17 11:56:02,260 INFO  SLF4JLogger:71 - [] Monitor thread successfully connected to server with description ServerDescription{address=ac-ptgxnae-shard-00-00.8i1c6xr.mongodb.net:27017, type=REPLICA_SET_SECONDARY, state=CONNECTED, ok=true, minWireVersion=0, maxWireVersion=13, maxDocumentSize=16777216, logicalSessionTimeoutMinutes=30, roundTripTimeNanos=125174300, setName='atlas-un03pj-shard-0', canonicalAddress=ac-ptgxnae-shard-00-00.8i1c6xr.mongodb.net:27017, hosts=[ac-ptgxnae-shard-00-00.8i1c6xr.mongodb.net:27017, ac-ptgxnae-shard-00-02.8i1c6xr.mongodb.net:27017, ac-ptgxnae-shard-00-01.8i1c6xr.mongodb.net:27017], passives=[], arbiters=[], primary='ac-ptgxnae-shard-00-02.8i1c6xr.mongodb.net:27017', tagSet=TagSet{[Tag{name='nodeType', value='ELECTABLE'}, Tag{name='provider', value='AWS'}, Tag{name='region', value='AP_SOUTH_1'}, Tag{name='workloadType', value='OPERATIONAL'}]}, electionId=null, setVersion=6, topologyVersion=TopologyVersion{processId=6412d9d25392fd5a35a009dc, counter=4}, lastWriteDate=Fri Mar 17 11:56:02 IST 2023, lastUpdateTimeNanos=419899182768500}
2023-03-17 11:56:02,580 INFO  SLF4JLogger:76 - [] Exception in monitor thread while connecting to server ac-ptgxnae-shard-00-02.8i1c6xr.mongodb.net:27017
com.mongodb.MongoSocketReadTimeoutException: Timeout while receiving message
	at com.mongodb.internal.connection.InternalStreamConnection.translateReadException(InternalStreamConnection.java:701)
	at com.mongodb.internal.connection.InternalStreamConnection.receiveMessageWithAdditionalTimeout(InternalStreamConnection.java:579)
	at com.mongodb.internal.connection.InternalStreamConnection.receiveCommandMessageResponse(InternalStreamConnection.java:415)
	at com.mongodb.internal.connection.InternalStreamConnection.receive(InternalStreamConnection.java:374)
	at com.mongodb.internal.connection.DefaultServerMonitor$ServerMonitorRunnable.lookupServerDescription(DefaultServerMonitor.java:216)
	at com.mongodb.internal.connection.DefaultServerMonitor$ServerMonitorRunnable.run(DefaultServerMonitor.java:152)
	at java.base/java.lang.Thread.run(Thread.java:833)
Caused by: java.net.SocketTimeoutException: Read timed out
	at java.base/sun.nio.ch.NioSocketImpl.timedRead(NioSocketImpl.java:283)
	at java.base/sun.nio.ch.NioSocketImpl.implRead(NioSocketImpl.java:309)
	at java.base/sun.nio.ch.NioSocketImpl.read(NioSocketImpl.java:350)
	at java.base/sun.nio.ch.NioSocketImpl$1.read(NioSocketImpl.java:803)
	at java.base/java.net.Socket$SocketInputStream.read(Socket.java:966)
	at java.base/sun.security.ssl.SSLSocketInputRecord.read(SSLSocketInputRecord.java:478)
	at java.base/sun.security.ssl.SSLSocketInputRecord.readHeader(SSLSocketInputRecord.java:472)
	at java.base/sun.security.ssl.SSLSocketInputRecord.bytesInCompletePacket(SSLSocketInputRecord.java:70)
	at java.base/sun.security.ssl.SSLSocketImpl.readApplicationRecord(SSLSocketImpl.java:1460)
	at java.base/sun.security.ssl.SSLSocketImpl$AppInputStream.read(SSLSocketImpl.java:1064)
	at com.mongodb.internal.connection.SocketStream.read(SocketStream.java:109)
	at com.mongodb.internal.connection.SocketStream.read(SocketStream.java:131)
	at com.mongodb.internal.connection.InternalStreamConnection.receiveResponseBuffers(InternalStreamConnection.java:718)
	at com.mongodb.internal.connection.InternalStreamConnection.receiveMessageWithAdditionalTimeout(InternalStreamConnection.java:576)
	... 5 common frames omitted
2023-03-17 11:56:02,701 INFO  SLF4JLogger:71 - [] Opened connection [connectionId{localValue:7216, serverValue:41296}] to ac-ptgxnae-shard-00-02.8i1c6xr.mongodb.net:27017
2023-03-17 11:56:02,702 INFO  SLF4JLogger:71 - [] Monitor thread successfully connected to server with description ServerDescription{address=ac-ptgxnae-shard-00-02.8i1c6xr.mongodb.net:27017, type=REPLICA_SET_PRIMARY, state=CONNECTED, ok=true, minWireVersion=0, maxWireVersion=13, maxDocumentSize=16777216, logicalSessionTimeoutMinutes=30, roundTripTimeNanos=93018800, setName='atlas-un03pj-shard-0', canonicalAddress=ac-ptgxnae-shard-00-02.8i1c6xr.mongodb.net:27017, hosts=[ac-ptgxnae-shard-00-00.8i1c6xr.mongodb.net:27017, ac-ptgxnae-shard-00-02.8i1c6xr.mongodb.net:27017, ac-ptgxnae-shard-00-01.8i1c6xr.mongodb.net:27017], passives=[], arbiters=[], primary='ac-ptgxnae-shard-00-02.8i1c6xr.mongodb.net:27017', tagSet=TagSet{[Tag{name='nodeType', value='ELECTABLE'}, Tag{name='provider', value='AWS'}, Tag{name='region', value='AP_SOUTH_1'}, Tag{name='workloadType', value='OPERATIONAL'}]}, electionId=7fffffff000000000000013d, setVersion=6, topologyVersion=TopologyVersion{processId=6412dafe4213620824f975e8, counter=6}, lastWriteDate=Fri Mar 17 11:56:02 IST 2023, lastUpdateTimeNanos=419899625112700}
2023-03-17 11:56:02,703 INFO  SLF4JLogger:71 - [] Discovered replica set primary ac-ptgxnae-shard-00-02.8i1c6xr.mongodb.net:27017
2023-03-17 11:56:09,406 INFO  ConfigClusterResolver:43 - [] Resolving eureka endpoints via configuration
2023-03-17 12:01:09,420 INFO  ConfigClusterResolver:43 - [] Resolving eureka endpoints via configuration
2023-03-17 12:06:09,433 INFO  ConfigClusterResolver:43 - [] Resolving eureka endpoints via configuration
2023-03-17 12:11:09,438 INFO  ConfigClusterResolver:43 - [] Resolving eureka endpoints via configuration
2023-03-17 12:16:09,451 INFO  ConfigClusterResolver:43 - [] Resolving eureka endpoints via configuration
