2023-03-17 03:24:19,789 INFO  SLF4JLogger:76 - [] Exception in monitor thread while connecting to server ac-ptgxnae-shard-00-02.8i1c6xr.mongodb.net:27017
com.mongodb.MongoSocketReadException: Exception receiving message
	at com.mongodb.internal.connection.InternalStreamConnection.translateReadException(InternalStreamConnection.java:707)
	at com.mongodb.internal.connection.InternalStreamConnection.receiveMessageWithAdditionalTimeout(InternalStreamConnection.java:579)
	at com.mongodb.internal.connection.InternalStreamConnection.receiveCommandMessageResponse(InternalStreamConnection.java:415)
	at com.mongodb.internal.connection.InternalStreamConnection.receive(InternalStreamConnection.java:374)
	at com.mongodb.internal.connection.DefaultServerMonitor$ServerMonitorRunnable.lookupServerDescription(DefaultServerMonitor.java:216)
	at com.mongodb.internal.connection.DefaultServerMonitor$ServerMonitorRunnable.run(DefaultServerMonitor.java:152)
	at java.base/java.lang.Thread.run(Thread.java:833)
Caused by: java.net.SocketException: Socket is closed
	at java.base/java.net.Socket.setSoTimeout(Socket.java:1218)
	at java.base/sun.security.ssl.BaseSSLSocketImpl.setSoTimeout(BaseSSLSocketImpl.java:638)
	at java.base/sun.security.ssl.SSLSocketImpl.setSoTimeout(SSLSocketImpl.java:74)
	at com.mongodb.internal.connection.SocketStream.read(SocketStream.java:133)
	at com.mongodb.internal.connection.InternalStreamConnection.receiveResponseBuffers(InternalStreamConnection.java:718)
	at com.mongodb.internal.connection.InternalStreamConnection.receiveMessageWithAdditionalTimeout(InternalStreamConnection.java:576)
	... 5 common frames omitted
2023-03-17 03:24:19,899 INFO  SLF4JLogger:76 - [] Exception in monitor thread while connecting to server ac-ptgxnae-shard-00-01.8i1c6xr.mongodb.net:27017
com.mongodb.MongoSocketReadException: Exception receiving message
	at com.mongodb.internal.connection.InternalStreamConnection.translateReadException(InternalStreamConnection.java:707)
	at com.mongodb.internal.connection.InternalStreamConnection.receiveMessageWithAdditionalTimeout(InternalStreamConnection.java:579)
	at com.mongodb.internal.connection.InternalStreamConnection.receiveCommandMessageResponse(InternalStreamConnection.java:415)
	at com.mongodb.internal.connection.InternalStreamConnection.receive(InternalStreamConnection.java:374)
	at com.mongodb.internal.connection.DefaultServerMonitor$ServerMonitorRunnable.lookupServerDescription(DefaultServerMonitor.java:216)
	at com.mongodb.internal.connection.DefaultServerMonitor$ServerMonitorRunnable.run(DefaultServerMonitor.java:152)
	at java.base/java.lang.Thread.run(Thread.java:833)
Caused by: java.net.SocketException: Socket is closed
	at java.base/java.net.Socket.setSoTimeout(Socket.java:1218)
	at java.base/sun.security.ssl.BaseSSLSocketImpl.setSoTimeout(BaseSSLSocketImpl.java:638)
	at java.base/sun.security.ssl.SSLSocketImpl.setSoTimeout(SSLSocketImpl.java:74)
	at com.mongodb.internal.connection.SocketStream.read(SocketStream.java:133)
	at com.mongodb.internal.connection.InternalStreamConnection.receiveResponseBuffers(InternalStreamConnection.java:718)
	at com.mongodb.internal.connection.InternalStreamConnection.receiveMessageWithAdditionalTimeout(InternalStreamConnection.java:576)
	... 5 common frames omitted
2023-03-17 03:24:19,791 INFO  SLF4JLogger:76 - [] Exception in monitor thread while connecting to server ac-ptgxnae-shard-00-00.8i1c6xr.mongodb.net:27017
com.mongodb.MongoSocketReadException: Exception receiving message
	at com.mongodb.internal.connection.InternalStreamConnection.translateReadException(InternalStreamConnection.java:707)
	at com.mongodb.internal.connection.InternalStreamConnection.receiveMessageWithAdditionalTimeout(InternalStreamConnection.java:579)
	at com.mongodb.internal.connection.InternalStreamConnection.receiveCommandMessageResponse(InternalStreamConnection.java:415)
	at com.mongodb.internal.connection.InternalStreamConnection.receive(InternalStreamConnection.java:374)
	at com.mongodb.internal.connection.DefaultServerMonitor$ServerMonitorRunnable.lookupServerDescription(DefaultServerMonitor.java:216)
	at com.mongodb.internal.connection.DefaultServerMonitor$ServerMonitorRunnable.run(DefaultServerMonitor.java:152)
	at java.base/java.lang.Thread.run(Thread.java:833)
Caused by: java.net.SocketException: Socket is closed
	at java.base/java.net.Socket.setSoTimeout(Socket.java:1218)
	at java.base/sun.security.ssl.BaseSSLSocketImpl.setSoTimeout(BaseSSLSocketImpl.java:638)
	at java.base/sun.security.ssl.SSLSocketImpl.setSoTimeout(SSLSocketImpl.java:74)
	at com.mongodb.internal.connection.SocketStream.read(SocketStream.java:133)
	at com.mongodb.internal.connection.InternalStreamConnection.receiveResponseBuffers(InternalStreamConnection.java:718)
	at com.mongodb.internal.connection.InternalStreamConnection.receiveMessageWithAdditionalTimeout(InternalStreamConnection.java:576)
	... 5 common frames omitted
2023-03-17 03:24:20,075 INFO  SLF4JLogger:76 - [] Exception in monitor thread while connecting to server ac-ptgxnae-shard-00-02.8i1c6xr.mongodb.net:27017
com.mongodb.MongoSocketException: No such host is known (ac-ptgxnae-shard-00-02.8i1c6xr.mongodb.net)
	at com.mongodb.ServerAddress.getSocketAddresses(ServerAddress.java:211)
	at com.mongodb.internal.connection.SocketStream.initializeSocket(SocketStream.java:75)
	at com.mongodb.internal.connection.SocketStream.open(SocketStream.java:65)
	at com.mongodb.internal.connection.InternalStreamConnection.open(InternalStreamConnection.java:180)
	at com.mongodb.internal.connection.DefaultServerMonitor$ServerMonitorRunnable.lookupServerDescription(DefaultServerMonitor.java:188)
	at com.mongodb.internal.connection.DefaultServerMonitor$ServerMonitorRunnable.run(DefaultServerMonitor.java:152)
	at java.base/java.lang.Thread.run(Thread.java:833)
Caused by: java.net.UnknownHostException: No such host is known (ac-ptgxnae-shard-00-02.8i1c6xr.mongodb.net)
	at java.base/java.net.Inet6AddressImpl.lookupAllHostAddr(Native Method)
	at java.base/java.net.InetAddress$PlatformNameService.lookupAllHostAddr(InetAddress.java:933)
	at java.base/java.net.InetAddress.getAddressesFromNameService(InetAddress.java:1529)
	at java.base/java.net.InetAddress$NameServiceAddresses.get(InetAddress.java:852)
	at java.base/java.net.InetAddress.getAllByName0(InetAddress.java:1519)
	at java.base/java.net.InetAddress.getAllByName(InetAddress.java:1377)
	at java.base/java.net.InetAddress.getAllByName(InetAddress.java:1305)
	at com.mongodb.ServerAddress.getSocketAddresses(ServerAddress.java:203)
	... 6 common frames omitted
2023-03-17 03:24:20,141 INFO  SLF4JLogger:76 - [] Exception in monitor thread while connecting to server ac-ptgxnae-shard-00-01.8i1c6xr.mongodb.net:27017
com.mongodb.MongoSocketException: No such host is known (ac-ptgxnae-shard-00-01.8i1c6xr.mongodb.net)
	at com.mongodb.ServerAddress.getSocketAddresses(ServerAddress.java:211)
	at com.mongodb.internal.connection.SocketStream.initializeSocket(SocketStream.java:75)
	at com.mongodb.internal.connection.SocketStream.open(SocketStream.java:65)
	at com.mongodb.internal.connection.InternalStreamConnection.open(InternalStreamConnection.java:180)
	at com.mongodb.internal.connection.DefaultServerMonitor$ServerMonitorRunnable.lookupServerDescription(DefaultServerMonitor.java:188)
	at com.mongodb.internal.connection.DefaultServerMonitor$ServerMonitorRunnable.run(DefaultServerMonitor.java:152)
	at java.base/java.lang.Thread.run(Thread.java:833)
Caused by: java.net.UnknownHostException: No such host is known (ac-ptgxnae-shard-00-01.8i1c6xr.mongodb.net)
	at java.base/java.net.Inet6AddressImpl.lookupAllHostAddr(Native Method)
	at java.base/java.net.InetAddress$PlatformNameService.lookupAllHostAddr(InetAddress.java:933)
	at java.base/java.net.InetAddress.getAddressesFromNameService(InetAddress.java:1529)
	at java.base/java.net.InetAddress$NameServiceAddresses.get(InetAddress.java:852)
	at java.base/java.net.InetAddress.getAllByName0(InetAddress.java:1519)
	at java.base/java.net.InetAddress.getAllByName(InetAddress.java:1377)
	at java.base/java.net.InetAddress.getAllByName(InetAddress.java:1305)
	at com.mongodb.ServerAddress.getSocketAddresses(ServerAddress.java:203)
	... 6 common frames omitted
2023-03-17 03:24:20,141 INFO  SLF4JLogger:76 - [] Exception in monitor thread while connecting to server ac-ptgxnae-shard-00-00.8i1c6xr.mongodb.net:27017
com.mongodb.MongoSocketException: No such host is known (ac-ptgxnae-shard-00-00.8i1c6xr.mongodb.net)
	at com.mongodb.ServerAddress.getSocketAddresses(ServerAddress.java:211)
	at com.mongodb.internal.connection.SocketStream.initializeSocket(SocketStream.java:75)
	at com.mongodb.internal.connection.SocketStream.open(SocketStream.java:65)
	at com.mongodb.internal.connection.InternalStreamConnection.open(InternalStreamConnection.java:180)
	at com.mongodb.internal.connection.DefaultServerMonitor$ServerMonitorRunnable.lookupServerDescription(DefaultServerMonitor.java:188)
	at com.mongodb.internal.connection.DefaultServerMonitor$ServerMonitorRunnable.run(DefaultServerMonitor.java:152)
	at java.base/java.lang.Thread.run(Thread.java:833)
Caused by: java.net.UnknownHostException: No such host is known (ac-ptgxnae-shard-00-00.8i1c6xr.mongodb.net)
	at java.base/java.net.Inet6AddressImpl.lookupAllHostAddr(Native Method)
	at java.base/java.net.InetAddress$PlatformNameService.lookupAllHostAddr(InetAddress.java:933)
	at java.base/java.net.InetAddress.getAddressesFromNameService(InetAddress.java:1529)
	at java.base/java.net.InetAddress$NameServiceAddresses.get(InetAddress.java:852)
	at java.base/java.net.InetAddress.getAllByName0(InetAddress.java:1519)
	at java.base/java.net.InetAddress.getAllByName(InetAddress.java:1377)
	at java.base/java.net.InetAddress.getAllByName(InetAddress.java:1305)
	at com.mongodb.ServerAddress.getSocketAddresses(ServerAddress.java:203)
	... 6 common frames omitted
2023-03-17 03:24:30,803 INFO  SLF4JLogger:71 - [] Opened connection [connectionId{localValue:7213, serverValue:25515}] to ac-ptgxnae-shard-00-01.8i1c6xr.mongodb.net:27017
2023-03-17 03:24:30,813 INFO  SLF4JLogger:71 - [] Monitor thread successfully connected to server with description ServerDescription{address=ac-ptgxnae-shard-00-01.8i1c6xr.mongodb.net:27017, type=REPLICA_SET_SECONDARY, state=CONNECTED, ok=true, minWireVersion=0, maxWireVersion=13, maxDocumentSize=16777216, logicalSessionTimeoutMinutes=30, roundTripTimeNanos=466166900, setName='atlas-un03pj-shard-0', canonicalAddress=ac-ptgxnae-shard-00-01.8i1c6xr.mongodb.net:27017, hosts=[ac-ptgxnae-shard-00-00.8i1c6xr.mongodb.net:27017, ac-ptgxnae-shard-00-02.8i1c6xr.mongodb.net:27017, ac-ptgxnae-shard-00-01.8i1c6xr.mongodb.net:27017], passives=[], arbiters=[], primary='ac-ptgxnae-shard-00-02.8i1c6xr.mongodb.net:27017', tagSet=TagSet{[Tag{name='nodeType', value='ELECTABLE'}, Tag{name='provider', value='AWS'}, Tag{name='region', value='AP_SOUTH_1'}, Tag{name='workloadType', value='OPERATIONAL'}]}, electionId=null, setVersion=6, topologyVersion=TopologyVersion{processId=6412dc017ea6d26159482874, counter=3}, lastWriteDate=Fri Mar 17 03:24:30 IST 2023, lastUpdateTimeNanos=389193086444500}
2023-03-17 03:24:30,839 INFO  SLF4JLogger:71 - [] Opened connection [connectionId{localValue:7215, serverValue:28141}] to ac-ptgxnae-shard-00-02.8i1c6xr.mongodb.net:27017
2023-03-17 03:24:30,841 INFO  SLF4JLogger:71 - [] Monitor thread successfully connected to server with description ServerDescription{address=ac-ptgxnae-shard-00-02.8i1c6xr.mongodb.net:27017, type=REPLICA_SET_PRIMARY, state=CONNECTED, ok=true, minWireVersion=0, maxWireVersion=13, maxDocumentSize=16777216, logicalSessionTimeoutMinutes=30, roundTripTimeNanos=363911800, setName='atlas-un03pj-shard-0', canonicalAddress=ac-ptgxnae-shard-00-02.8i1c6xr.mongodb.net:27017, hosts=[ac-ptgxnae-shard-00-00.8i1c6xr.mongodb.net:27017, ac-ptgxnae-shard-00-02.8i1c6xr.mongodb.net:27017, ac-ptgxnae-shard-00-01.8i1c6xr.mongodb.net:27017], passives=[], arbiters=[], primary='ac-ptgxnae-shard-00-02.8i1c6xr.mongodb.net:27017', tagSet=TagSet{[Tag{name='nodeType', value='ELECTABLE'}, Tag{name='provider', value='AWS'}, Tag{name='region', value='AP_SOUTH_1'}, Tag{name='workloadType', value='OPERATIONAL'}]}, electionId=7fffffff000000000000013d, setVersion=6, topologyVersion=TopologyVersion{processId=6412dafe4213620824f975e8, counter=6}, lastWriteDate=Fri Mar 17 03:24:30 IST 2023, lastUpdateTimeNanos=389193124275400}
2023-03-17 03:24:30,844 INFO  SLF4JLogger:71 - [] Discovered replica set primary ac-ptgxnae-shard-00-02.8i1c6xr.mongodb.net:27017
2023-03-17 03:24:30,962 INFO  SLF4JLogger:71 - [] Opened connection [connectionId{localValue:7212, serverValue:27799}] to ac-ptgxnae-shard-00-02.8i1c6xr.mongodb.net:27017
2023-03-17 03:24:31,070 INFO  SLF4JLogger:71 - [] Opened connection [connectionId{localValue:7214, serverValue:26437}] to ac-ptgxnae-shard-00-00.8i1c6xr.mongodb.net:27017
2023-03-17 03:24:31,071 INFO  SLF4JLogger:71 - [] Monitor thread successfully connected to server with description ServerDescription{address=ac-ptgxnae-shard-00-00.8i1c6xr.mongodb.net:27017, type=REPLICA_SET_SECONDARY, state=CONNECTED, ok=true, minWireVersion=0, maxWireVersion=13, maxDocumentSize=16777216, logicalSessionTimeoutMinutes=30, roundTripTimeNanos=579821700, setName='atlas-un03pj-shard-0', canonicalAddress=ac-ptgxnae-shard-00-00.8i1c6xr.mongodb.net:27017, hosts=[ac-ptgxnae-shard-00-00.8i1c6xr.mongodb.net:27017, ac-ptgxnae-shard-00-02.8i1c6xr.mongodb.net:27017, ac-ptgxnae-shard-00-01.8i1c6xr.mongodb.net:27017], passives=[], arbiters=[], primary='ac-ptgxnae-shard-00-02.8i1c6xr.mongodb.net:27017', tagSet=TagSet{[Tag{name='nodeType', value='ELECTABLE'}, Tag{name='provider', value='AWS'}, Tag{name='region', value='AP_SOUTH_1'}, Tag{name='workloadType', value='OPERATIONAL'}]}, electionId=null, setVersion=6, topologyVersion=TopologyVersion{processId=6412d9d25392fd5a35a009dc, counter=4}, lastWriteDate=Fri Mar 17 03:24:31 IST 2023, lastUpdateTimeNanos=389193355152100}
2023-03-17 03:24:34,718 INFO  SLF4JLogger:71 - [] Opened connection [connectionId{localValue:7216, serverValue:26439}] to ac-ptgxnae-shard-00-00.8i1c6xr.mongodb.net:27017
2023-03-17 03:24:38,930 INFO  SLF4JLogger:71 - [] Opened connection [connectionId{localValue:7217, serverValue:25472}] to ac-ptgxnae-shard-00-01.8i1c6xr.mongodb.net:27017
2023-03-17 09:13:08,547 INFO  SLF4JLogger:76 - [] Exception in monitor thread while connecting to server ac-ptgxnae-shard-00-00.8i1c6xr.mongodb.net:27017
com.mongodb.MongoSocketReadException: Exception receiving message
	at com.mongodb.internal.connection.InternalStreamConnection.translateReadException(InternalStreamConnection.java:707)
	at com.mongodb.internal.connection.InternalStreamConnection.receiveMessageWithAdditionalTimeout(InternalStreamConnection.java:579)
	at com.mongodb.internal.connection.InternalStreamConnection.receiveCommandMessageResponse(InternalStreamConnection.java:415)
	at com.mongodb.internal.connection.InternalStreamConnection.receive(InternalStreamConnection.java:374)
	at com.mongodb.internal.connection.DefaultServerMonitor$ServerMonitorRunnable.lookupServerDescription(DefaultServerMonitor.java:216)
	at com.mongodb.internal.connection.DefaultServerMonitor$ServerMonitorRunnable.run(DefaultServerMonitor.java:152)
	at java.base/java.lang.Thread.run(Thread.java:833)
Caused by: java.net.SocketException: Socket is closed
	at java.base/java.net.Socket.setSoTimeout(Socket.java:1218)
	at java.base/sun.security.ssl.BaseSSLSocketImpl.setSoTimeout(BaseSSLSocketImpl.java:638)
	at java.base/sun.security.ssl.SSLSocketImpl.setSoTimeout(SSLSocketImpl.java:74)
	at com.mongodb.internal.connection.SocketStream.read(SocketStream.java:133)
	at com.mongodb.internal.connection.InternalStreamConnection.receiveResponseBuffers(InternalStreamConnection.java:718)
	at com.mongodb.internal.connection.InternalStreamConnection.receiveMessageWithAdditionalTimeout(InternalStreamConnection.java:576)
	... 5 common frames omitted
2023-03-17 09:13:08,547 INFO  SLF4JLogger:76 - [] Exception in monitor thread while connecting to server ac-ptgxnae-shard-00-02.8i1c6xr.mongodb.net:27017
com.mongodb.MongoSocketReadException: Exception receiving message
	at com.mongodb.internal.connection.InternalStreamConnection.translateReadException(InternalStreamConnection.java:707)
	at com.mongodb.internal.connection.InternalStreamConnection.receiveMessageWithAdditionalTimeout(InternalStreamConnection.java:579)
	at com.mongodb.internal.connection.InternalStreamConnection.receiveCommandMessageResponse(InternalStreamConnection.java:415)
	at com.mongodb.internal.connection.InternalStreamConnection.receive(InternalStreamConnection.java:374)
	at com.mongodb.internal.connection.DefaultServerMonitor$ServerMonitorRunnable.lookupServerDescription(DefaultServerMonitor.java:216)
	at com.mongodb.internal.connection.DefaultServerMonitor$ServerMonitorRunnable.run(DefaultServerMonitor.java:152)
	at java.base/java.lang.Thread.run(Thread.java:833)
Caused by: java.net.SocketException: Socket is closed
	at java.base/java.net.Socket.setSoTimeout(Socket.java:1218)
	at java.base/sun.security.ssl.BaseSSLSocketImpl.setSoTimeout(BaseSSLSocketImpl.java:638)
	at java.base/sun.security.ssl.SSLSocketImpl.setSoTimeout(SSLSocketImpl.java:74)
	at com.mongodb.internal.connection.SocketStream.read(SocketStream.java:133)
	at com.mongodb.internal.connection.InternalStreamConnection.receiveResponseBuffers(InternalStreamConnection.java:718)
	at com.mongodb.internal.connection.InternalStreamConnection.receiveMessageWithAdditionalTimeout(InternalStreamConnection.java:576)
	... 5 common frames omitted
2023-03-17 09:13:08,546 INFO  SLF4JLogger:76 - [] Exception in monitor thread while connecting to server ac-ptgxnae-shard-00-01.8i1c6xr.mongodb.net:27017
com.mongodb.MongoSocketReadException: Exception receiving message
	at com.mongodb.internal.connection.InternalStreamConnection.translateReadException(InternalStreamConnection.java:707)
	at com.mongodb.internal.connection.InternalStreamConnection.receiveMessageWithAdditionalTimeout(InternalStreamConnection.java:579)
	at com.mongodb.internal.connection.InternalStreamConnection.receiveCommandMessageResponse(InternalStreamConnection.java:415)
	at com.mongodb.internal.connection.InternalStreamConnection.receive(InternalStreamConnection.java:374)
	at com.mongodb.internal.connection.DefaultServerMonitor$ServerMonitorRunnable.lookupServerDescription(DefaultServerMonitor.java:216)
	at com.mongodb.internal.connection.DefaultServerMonitor$ServerMonitorRunnable.run(DefaultServerMonitor.java:152)
	at java.base/java.lang.Thread.run(Thread.java:833)
Caused by: java.net.SocketException: Socket is closed
	at java.base/java.net.Socket.setSoTimeout(Socket.java:1218)
	at java.base/sun.security.ssl.BaseSSLSocketImpl.setSoTimeout(BaseSSLSocketImpl.java:638)
	at java.base/sun.security.ssl.SSLSocketImpl.setSoTimeout(SSLSocketImpl.java:74)
	at com.mongodb.internal.connection.SocketStream.read(SocketStream.java:133)
	at com.mongodb.internal.connection.InternalStreamConnection.receiveResponseBuffers(InternalStreamConnection.java:718)
	at com.mongodb.internal.connection.InternalStreamConnection.receiveMessageWithAdditionalTimeout(InternalStreamConnection.java:576)
	... 5 common frames omitted
2023-03-17 09:13:08,700 INFO  SLF4JLogger:71 - [] Opened connection [connectionId{localValue:7219, serverValue:36113}] to ac-ptgxnae-shard-00-02.8i1c6xr.mongodb.net:27017
2023-03-17 09:13:08,700 INFO  SLF4JLogger:71 - [] Opened connection [connectionId{localValue:7220, serverValue:33399}] to ac-ptgxnae-shard-00-01.8i1c6xr.mongodb.net:27017
2023-03-17 09:13:08,701 INFO  SLF4JLogger:71 - [] Monitor thread successfully connected to server with description ServerDescription{address=ac-ptgxnae-shard-00-02.8i1c6xr.mongodb.net:27017, type=REPLICA_SET_PRIMARY, state=CONNECTED, ok=true, minWireVersion=0, maxWireVersion=13, maxDocumentSize=16777216, logicalSessionTimeoutMinutes=30, roundTripTimeNanos=106825100, setName='atlas-un03pj-shard-0', canonicalAddress=ac-ptgxnae-shard-00-02.8i1c6xr.mongodb.net:27017, hosts=[ac-ptgxnae-shard-00-00.8i1c6xr.mongodb.net:27017, ac-ptgxnae-shard-00-02.8i1c6xr.mongodb.net:27017, ac-ptgxnae-shard-00-01.8i1c6xr.mongodb.net:27017], passives=[], arbiters=[], primary='ac-ptgxnae-shard-00-02.8i1c6xr.mongodb.net:27017', tagSet=TagSet{[Tag{name='nodeType', value='ELECTABLE'}, Tag{name='provider', value='AWS'}, Tag{name='region', value='AP_SOUTH_1'}, Tag{name='workloadType', value='OPERATIONAL'}]}, electionId=7fffffff000000000000013d, setVersion=6, topologyVersion=TopologyVersion{processId=6412dafe4213620824f975e8, counter=6}, lastWriteDate=Fri Mar 17 09:13:08 IST 2023, lastUpdateTimeNanos=410125135576000}
2023-03-17 09:13:08,701 INFO  SLF4JLogger:71 - [] Monitor thread successfully connected to server with description ServerDescription{address=ac-ptgxnae-shard-00-01.8i1c6xr.mongodb.net:27017, type=REPLICA_SET_SECONDARY, state=CONNECTED, ok=true, minWireVersion=0, maxWireVersion=13, maxDocumentSize=16777216, logicalSessionTimeoutMinutes=30, roundTripTimeNanos=107357500, setName='atlas-un03pj-shard-0', canonicalAddress=ac-ptgxnae-shard-00-01.8i1c6xr.mongodb.net:27017, hosts=[ac-ptgxnae-shard-00-00.8i1c6xr.mongodb.net:27017, ac-ptgxnae-shard-00-02.8i1c6xr.mongodb.net:27017, ac-ptgxnae-shard-00-01.8i1c6xr.mongodb.net:27017], passives=[], arbiters=[], primary='ac-ptgxnae-shard-00-02.8i1c6xr.mongodb.net:27017', tagSet=TagSet{[Tag{name='nodeType', value='ELECTABLE'}, Tag{name='provider', value='AWS'}, Tag{name='region', value='AP_SOUTH_1'}, Tag{name='workloadType', value='OPERATIONAL'}]}, electionId=null, setVersion=6, topologyVersion=TopologyVersion{processId=6412dc017ea6d26159482874, counter=3}, lastWriteDate=Fri Mar 17 09:13:08 IST 2023, lastUpdateTimeNanos=410125136110100}
2023-03-17 09:13:08,702 INFO  SLF4JLogger:71 - [] Discovered replica set primary ac-ptgxnae-shard-00-02.8i1c6xr.mongodb.net:27017
2023-03-17 09:13:08,702 INFO  SLF4JLogger:71 - [] Opened connection [connectionId{localValue:7218, serverValue:34365}] to ac-ptgxnae-shard-00-00.8i1c6xr.mongodb.net:27017
2023-03-17 09:13:08,703 INFO  SLF4JLogger:71 - [] Monitor thread successfully connected to server with description ServerDescription{address=ac-ptgxnae-shard-00-00.8i1c6xr.mongodb.net:27017, type=REPLICA_SET_SECONDARY, state=CONNECTED, ok=true, minWireVersion=0, maxWireVersion=13, maxDocumentSize=16777216, logicalSessionTimeoutMinutes=30, roundTripTimeNanos=115790300, setName='atlas-un03pj-shard-0', canonicalAddress=ac-ptgxnae-shard-00-00.8i1c6xr.mongodb.net:27017, hosts=[ac-ptgxnae-shard-00-00.8i1c6xr.mongodb.net:27017, ac-ptgxnae-shard-00-02.8i1c6xr.mongodb.net:27017, ac-ptgxnae-shard-00-01.8i1c6xr.mongodb.net:27017], passives=[], arbiters=[], primary='ac-ptgxnae-shard-00-02.8i1c6xr.mongodb.net:27017', tagSet=TagSet{[Tag{name='nodeType', value='ELECTABLE'}, Tag{name='provider', value='AWS'}, Tag{name='region', value='AP_SOUTH_1'}, Tag{name='workloadType', value='OPERATIONAL'}]}, electionId=null, setVersion=6, topologyVersion=TopologyVersion{processId=6412d9d25392fd5a35a009dc, counter=4}, lastWriteDate=Fri Mar 17 09:13:08 IST 2023, lastUpdateTimeNanos=410125138428800}
2023-03-17 09:13:18,634 INFO  SLF4JLogger:71 - [] Opened connection [connectionId{localValue:7221, serverValue:34388}] to ac-ptgxnae-shard-00-00.8i1c6xr.mongodb.net:27017
2023-03-17 09:13:30,235 INFO  SLF4JLogger:71 - [] Opened connection [connectionId{localValue:7222, serverValue:33264}] to ac-ptgxnae-shard-00-01.8i1c6xr.mongodb.net:27017
2023-03-17 09:13:32,361 INFO  SLF4JLogger:71 - [] Opened connection [connectionId{localValue:7223, serverValue:36020}] to ac-ptgxnae-shard-00-02.8i1c6xr.mongodb.net:27017
2023-03-17 09:14:24,341 INFO  ConfigClusterResolver:43 - [] Resolving eureka endpoints via configuration
2023-03-17 09:19:24,228 INFO  ConfigClusterResolver:43 - [] Resolving eureka endpoints via configuration
2023-03-17 09:24:23,776 INFO  ConfigClusterResolver:43 - [] Resolving eureka endpoints via configuration
2023-03-17 09:29:23,784 INFO  ConfigClusterResolver:43 - [] Resolving eureka endpoints via configuration
2023-03-17 09:34:23,791 INFO  ConfigClusterResolver:43 - [] Resolving eureka endpoints via configuration
2023-03-17 09:39:23,815 INFO  ConfigClusterResolver:43 - [] Resolving eureka endpoints via configuration
2023-03-17 09:44:23,824 INFO  ConfigClusterResolver:43 - [] Resolving eureka endpoints via configuration
2023-03-17 09:49:23,834 INFO  ConfigClusterResolver:43 - [] Resolving eureka endpoints via configuration
2023-03-17 09:54:23,852 INFO  ConfigClusterResolver:43 - [] Resolving eureka endpoints via configuration
2023-03-17 09:59:23,854 INFO  ConfigClusterResolver:43 - [] Resolving eureka endpoints via configuration
2023-03-17 10:04:23,870 INFO  ConfigClusterResolver:43 - [] Resolving eureka endpoints via configuration
2023-03-17 10:09:23,884 INFO  ConfigClusterResolver:43 - [] Resolving eureka endpoints via configuration
2023-03-17 10:14:23,888 INFO  ConfigClusterResolver:43 - [] Resolving eureka endpoints via configuration
2023-03-17 10:19:23,904 INFO  ConfigClusterResolver:43 - [] Resolving eureka endpoints via configuration
2023-03-17 10:24:23,913 INFO  ConfigClusterResolver:43 - [] Resolving eureka endpoints via configuration
2023-03-17 10:29:23,932 INFO  ConfigClusterResolver:43 - [] Resolving eureka endpoints via configuration
2023-03-17 10:34:23,936 INFO  ConfigClusterResolver:43 - [] Resolving eureka endpoints via configuration
2023-03-17 10:39:23,952 INFO  ConfigClusterResolver:43 - [] Resolving eureka endpoints via configuration
2023-03-17 10:44:23,970 INFO  ConfigClusterResolver:43 - [] Resolving eureka endpoints via configuration
2023-03-17 10:49:23,987 INFO  ConfigClusterResolver:43 - [] Resolving eureka endpoints via configuration
2023-03-17 10:54:23,998 INFO  ConfigClusterResolver:43 - [] Resolving eureka endpoints via configuration
2023-03-17 10:59:24,006 INFO  ConfigClusterResolver:43 - [] Resolving eureka endpoints via configuration
2023-03-17 11:04:24,018 INFO  ConfigClusterResolver:43 - [] Resolving eureka endpoints via configuration
2023-03-17 11:09:24,034 INFO  ConfigClusterResolver:43 - [] Resolving eureka endpoints via configuration
2023-03-17 11:14:24,042 INFO  ConfigClusterResolver:43 - [] Resolving eureka endpoints via configuration
2023-03-17 11:19:24,057 INFO  ConfigClusterResolver:43 - [] Resolving eureka endpoints via configuration
2023-03-17 11:24:24,067 INFO  ConfigClusterResolver:43 - [] Resolving eureka endpoints via configuration
2023-03-17 11:29:24,109 INFO  ConfigClusterResolver:43 - [] Resolving eureka endpoints via configuration
2023-03-17 11:34:24,130 INFO  ConfigClusterResolver:43 - [] Resolving eureka endpoints via configuration
2023-03-17 11:39:24,141 INFO  ConfigClusterResolver:43 - [] Resolving eureka endpoints via configuration
2023-03-17 11:44:24,156 INFO  ConfigClusterResolver:43 - [] Resolving eureka endpoints via configuration
2023-03-17 11:49:24,169 INFO  ConfigClusterResolver:43 - [] Resolving eureka endpoints via configuration
2023-03-17 11:55:47,373 INFO  ConfigClusterResolver:43 - [] Resolving eureka endpoints via configuration
2023-03-17 11:55:59,378 INFO  SLF4JLogger:76 - [] Exception in monitor thread while connecting to server ac-ptgxnae-shard-00-02.8i1c6xr.mongodb.net:27017
com.mongodb.MongoSocketReadTimeoutException: Timeout while receiving message
	at com.mongodb.internal.connection.InternalStreamConnection.translateReadException(InternalStreamConnection.java:701)
	at com.mongodb.internal.connection.InternalStreamConnection.receiveMessageWithAdditionalTimeout(InternalStreamConnection.java:579)
	at com.mongodb.internal.connection.InternalStreamConnection.receiveCommandMessageResponse(InternalStreamConnection.java:415)
	at com.mongodb.internal.connection.InternalStreamConnection.receive(InternalStreamConnection.java:374)
	at com.mongodb.internal.connection.DefaultServerMonitor$ServerMonitorRunnable.lookupServerDescription(DefaultServerMonitor.java:216)
	at com.mongodb.internal.connection.DefaultServerMonitor$ServerMonitorRunnable.run(DefaultServerMonitor.java:152)
	at java.base/java.lang.Thread.run(Thread.java:833)
Caused by: java.net.SocketTimeoutException: Read timed out
	at java.base/sun.nio.ch.NioSocketImpl.timedRead(NioSocketImpl.java:283)
	at java.base/sun.nio.ch.NioSocketImpl.implRead(NioSocketImpl.java:309)
	at java.base/sun.nio.ch.NioSocketImpl.read(NioSocketImpl.java:350)
	at java.base/sun.nio.ch.NioSocketImpl$1.read(NioSocketImpl.java:803)
	at java.base/java.net.Socket$SocketInputStream.read(Socket.java:966)
	at java.base/sun.security.ssl.SSLSocketInputRecord.read(SSLSocketInputRecord.java:478)
	at java.base/sun.security.ssl.SSLSocketInputRecord.readHeader(SSLSocketInputRecord.java:472)
	at java.base/sun.security.ssl.SSLSocketInputRecord.bytesInCompletePacket(SSLSocketInputRecord.java:70)
	at java.base/sun.security.ssl.SSLSocketImpl.readApplicationRecord(SSLSocketImpl.java:1460)
	at java.base/sun.security.ssl.SSLSocketImpl$AppInputStream.read(SSLSocketImpl.java:1064)
	at com.mongodb.internal.connection.SocketStream.read(SocketStream.java:109)
	at com.mongodb.internal.connection.SocketStream.read(SocketStream.java:131)
	at com.mongodb.internal.connection.InternalStreamConnection.receiveResponseBuffers(InternalStreamConnection.java:718)
	at com.mongodb.internal.connection.InternalStreamConnection.receiveMessageWithAdditionalTimeout(InternalStreamConnection.java:576)
	... 5 common frames omitted
2023-03-17 11:55:59,531 INFO  SLF4JLogger:71 - [] Opened connection [connectionId{localValue:7224, serverValue:41209}] to ac-ptgxnae-shard-00-02.8i1c6xr.mongodb.net:27017
2023-03-17 11:55:59,532 INFO  SLF4JLogger:71 - [] Monitor thread successfully connected to server with description ServerDescription{address=ac-ptgxnae-shard-00-02.8i1c6xr.mongodb.net:27017, type=REPLICA_SET_PRIMARY, state=CONNECTED, ok=true, minWireVersion=0, maxWireVersion=13, maxDocumentSize=16777216, logicalSessionTimeoutMinutes=30, roundTripTimeNanos=111626600, setName='atlas-un03pj-shard-0', canonicalAddress=ac-ptgxnae-shard-00-02.8i1c6xr.mongodb.net:27017, hosts=[ac-ptgxnae-shard-00-00.8i1c6xr.mongodb.net:27017, ac-ptgxnae-shard-00-02.8i1c6xr.mongodb.net:27017, ac-ptgxnae-shard-00-01.8i1c6xr.mongodb.net:27017], passives=[], arbiters=[], primary='ac-ptgxnae-shard-00-02.8i1c6xr.mongodb.net:27017', tagSet=TagSet{[Tag{name='nodeType', value='ELECTABLE'}, Tag{name='provider', value='AWS'}, Tag{name='region', value='AP_SOUTH_1'}, Tag{name='workloadType', value='OPERATIONAL'}]}, electionId=7fffffff000000000000013d, setVersion=6, topologyVersion=TopologyVersion{processId=6412dafe4213620824f975e8, counter=6}, lastWriteDate=Fri Mar 17 11:55:59 IST 2023, lastUpdateTimeNanos=419896455225700}
2023-03-17 11:55:59,533 INFO  SLF4JLogger:71 - [] Discovered replica set primary ac-ptgxnae-shard-00-02.8i1c6xr.mongodb.net:27017
2023-03-17 11:56:02,099 INFO  SLF4JLogger:76 - [] Exception in monitor thread while connecting to server ac-ptgxnae-shard-00-00.8i1c6xr.mongodb.net:27017
com.mongodb.MongoSocketReadTimeoutException: Timeout while receiving message
	at com.mongodb.internal.connection.InternalStreamConnection.translateReadException(InternalStreamConnection.java:701)
	at com.mongodb.internal.connection.InternalStreamConnection.receiveMessageWithAdditionalTimeout(InternalStreamConnection.java:579)
	at com.mongodb.internal.connection.InternalStreamConnection.receiveCommandMessageResponse(InternalStreamConnection.java:415)
	at com.mongodb.internal.connection.InternalStreamConnection.receive(InternalStreamConnection.java:374)
	at com.mongodb.internal.connection.DefaultServerMonitor$ServerMonitorRunnable.lookupServerDescription(DefaultServerMonitor.java:216)
	at com.mongodb.internal.connection.DefaultServerMonitor$ServerMonitorRunnable.run(DefaultServerMonitor.java:152)
	at java.base/java.lang.Thread.run(Thread.java:833)
Caused by: java.net.SocketTimeoutException: Read timed out
	at java.base/sun.nio.ch.NioSocketImpl.timedRead(NioSocketImpl.java:283)
	at java.base/sun.nio.ch.NioSocketImpl.implRead(NioSocketImpl.java:309)
	at java.base/sun.nio.ch.NioSocketImpl.read(NioSocketImpl.java:350)
	at java.base/sun.nio.ch.NioSocketImpl$1.read(NioSocketImpl.java:803)
	at java.base/java.net.Socket$SocketInputStream.read(Socket.java:966)
	at java.base/sun.security.ssl.SSLSocketInputRecord.read(SSLSocketInputRecord.java:478)
	at java.base/sun.security.ssl.SSLSocketInputRecord.readHeader(SSLSocketInputRecord.java:472)
	at java.base/sun.security.ssl.SSLSocketInputRecord.bytesInCompletePacket(SSLSocketInputRecord.java:70)
	at java.base/sun.security.ssl.SSLSocketImpl.readApplicationRecord(SSLSocketImpl.java:1460)
	at java.base/sun.security.ssl.SSLSocketImpl$AppInputStream.read(SSLSocketImpl.java:1064)
	at com.mongodb.internal.connection.SocketStream.read(SocketStream.java:109)
	at com.mongodb.internal.connection.SocketStream.read(SocketStream.java:131)
	at com.mongodb.internal.connection.InternalStreamConnection.receiveResponseBuffers(InternalStreamConnection.java:718)
	at com.mongodb.internal.connection.InternalStreamConnection.receiveMessageWithAdditionalTimeout(InternalStreamConnection.java:576)
	... 5 common frames omitted
2023-03-17 11:56:02,224 INFO  SLF4JLogger:71 - [] Opened connection [connectionId{localValue:7225, serverValue:39585}] to ac-ptgxnae-shard-00-00.8i1c6xr.mongodb.net:27017
2023-03-17 11:56:02,224 INFO  SLF4JLogger:71 - [] Monitor thread successfully connected to server with description ServerDescription{address=ac-ptgxnae-shard-00-00.8i1c6xr.mongodb.net:27017, type=REPLICA_SET_SECONDARY, state=CONNECTED, ok=true, minWireVersion=0, maxWireVersion=13, maxDocumentSize=16777216, logicalSessionTimeoutMinutes=30, roundTripTimeNanos=95979500, setName='atlas-un03pj-shard-0', canonicalAddress=ac-ptgxnae-shard-00-00.8i1c6xr.mongodb.net:27017, hosts=[ac-ptgxnae-shard-00-00.8i1c6xr.mongodb.net:27017, ac-ptgxnae-shard-00-02.8i1c6xr.mongodb.net:27017, ac-ptgxnae-shard-00-01.8i1c6xr.mongodb.net:27017], passives=[], arbiters=[], primary='ac-ptgxnae-shard-00-02.8i1c6xr.mongodb.net:27017', tagSet=TagSet{[Tag{name='nodeType', value='ELECTABLE'}, Tag{name='provider', value='AWS'}, Tag{name='region', value='AP_SOUTH_1'}, Tag{name='workloadType', value='OPERATIONAL'}]}, electionId=null, setVersion=6, topologyVersion=TopologyVersion{processId=6412d9d25392fd5a35a009dc, counter=4}, lastWriteDate=Fri Mar 17 11:56:02 IST 2023, lastUpdateTimeNanos=419899147393800}
2023-03-17 11:56:06,307 INFO  SLF4JLogger:76 - [] Exception in monitor thread while connecting to server ac-ptgxnae-shard-00-01.8i1c6xr.mongodb.net:27017
com.mongodb.MongoSocketReadTimeoutException: Timeout while receiving message
	at com.mongodb.internal.connection.InternalStreamConnection.translateReadException(InternalStreamConnection.java:701)
	at com.mongodb.internal.connection.InternalStreamConnection.receiveMessageWithAdditionalTimeout(InternalStreamConnection.java:579)
	at com.mongodb.internal.connection.InternalStreamConnection.receiveCommandMessageResponse(InternalStreamConnection.java:415)
	at com.mongodb.internal.connection.InternalStreamConnection.receive(InternalStreamConnection.java:374)
	at com.mongodb.internal.connection.DefaultServerMonitor$ServerMonitorRunnable.lookupServerDescription(DefaultServerMonitor.java:216)
	at com.mongodb.internal.connection.DefaultServerMonitor$ServerMonitorRunnable.run(DefaultServerMonitor.java:152)
	at java.base/java.lang.Thread.run(Thread.java:833)
Caused by: java.net.SocketTimeoutException: Read timed out
	at java.base/sun.nio.ch.NioSocketImpl.timedRead(NioSocketImpl.java:283)
	at java.base/sun.nio.ch.NioSocketImpl.implRead(NioSocketImpl.java:309)
	at java.base/sun.nio.ch.NioSocketImpl.read(NioSocketImpl.java:350)
	at java.base/sun.nio.ch.NioSocketImpl$1.read(NioSocketImpl.java:803)
	at java.base/java.net.Socket$SocketInputStream.read(Socket.java:966)
	at java.base/sun.security.ssl.SSLSocketInputRecord.read(SSLSocketInputRecord.java:478)
	at java.base/sun.security.ssl.SSLSocketInputRecord.readHeader(SSLSocketInputRecord.java:472)
	at java.base/sun.security.ssl.SSLSocketInputRecord.bytesInCompletePacket(SSLSocketInputRecord.java:70)
	at java.base/sun.security.ssl.SSLSocketImpl.readApplicationRecord(SSLSocketImpl.java:1460)
	at java.base/sun.security.ssl.SSLSocketImpl$AppInputStream.read(SSLSocketImpl.java:1064)
	at com.mongodb.internal.connection.SocketStream.read(SocketStream.java:109)
	at com.mongodb.internal.connection.SocketStream.read(SocketStream.java:131)
	at com.mongodb.internal.connection.InternalStreamConnection.receiveResponseBuffers(InternalStreamConnection.java:718)
	at com.mongodb.internal.connection.InternalStreamConnection.receiveMessageWithAdditionalTimeout(InternalStreamConnection.java:576)
	... 5 common frames omitted
2023-03-17 11:56:06,420 INFO  SLF4JLogger:71 - [] Opened connection [connectionId{localValue:7226, serverValue:38571}] to ac-ptgxnae-shard-00-01.8i1c6xr.mongodb.net:27017
2023-03-17 11:56:06,420 INFO  SLF4JLogger:71 - [] Monitor thread successfully connected to server with description ServerDescription{address=ac-ptgxnae-shard-00-01.8i1c6xr.mongodb.net:27017, type=REPLICA_SET_SECONDARY, state=CONNECTED, ok=true, minWireVersion=0, maxWireVersion=13, maxDocumentSize=16777216, logicalSessionTimeoutMinutes=30, roundTripTimeNanos=86325500, setName='atlas-un03pj-shard-0', canonicalAddress=ac-ptgxnae-shard-00-01.8i1c6xr.mongodb.net:27017, hosts=[ac-ptgxnae-shard-00-00.8i1c6xr.mongodb.net:27017, ac-ptgxnae-shard-00-02.8i1c6xr.mongodb.net:27017, ac-ptgxnae-shard-00-01.8i1c6xr.mongodb.net:27017], passives=[], arbiters=[], primary='ac-ptgxnae-shard-00-02.8i1c6xr.mongodb.net:27017', tagSet=TagSet{[Tag{name='nodeType', value='ELECTABLE'}, Tag{name='provider', value='AWS'}, Tag{name='region', value='AP_SOUTH_1'}, Tag{name='workloadType', value='OPERATIONAL'}]}, electionId=null, setVersion=6, topologyVersion=TopologyVersion{processId=6412dc017ea6d26159482874, counter=3}, lastWriteDate=Fri Mar 17 11:56:06 IST 2023, lastUpdateTimeNanos=419903343311000}
2023-03-17 12:00:47,381 INFO  ConfigClusterResolver:43 - [] Resolving eureka endpoints via configuration
2023-03-17 12:05:47,394 INFO  ConfigClusterResolver:43 - [] Resolving eureka endpoints via configuration
2023-03-17 12:10:47,396 INFO  ConfigClusterResolver:43 - [] Resolving eureka endpoints via configuration
2023-03-17 12:15:47,414 INFO  ConfigClusterResolver:43 - [] Resolving eureka endpoints via configuration
