2023-03-17 03:24:20,247 INFO  SLF4JLogger:76 - [] Exception in monitor thread while connecting to server ac-ptgxnae-shard-00-00.8i1c6xr.mongodb.net:27017
com.mongodb.MongoSocketReadException: Exception receiving message
	at com.mongodb.internal.connection.InternalStreamConnection.translateReadException(InternalStreamConnection.java:707)
	at com.mongodb.internal.connection.InternalStreamConnection.receiveMessageWithAdditionalTimeout(InternalStreamConnection.java:579)
	at com.mongodb.internal.connection.InternalStreamConnection.receiveCommandMessageResponse(InternalStreamConnection.java:415)
	at com.mongodb.internal.connection.InternalStreamConnection.receive(InternalStreamConnection.java:374)
	at com.mongodb.internal.connection.DefaultServerMonitor$ServerMonitorRunnable.lookupServerDescription(DefaultServerMonitor.java:216)
	at com.mongodb.internal.connection.DefaultServerMonitor$ServerMonitorRunnable.run(DefaultServerMonitor.java:152)
	at java.base/java.lang.Thread.run(Thread.java:833)
Caused by: java.net.SocketException: Socket is closed
	at java.base/java.net.Socket.setSoTimeout(Socket.java:1218)
	at java.base/sun.security.ssl.BaseSSLSocketImpl.setSoTimeout(BaseSSLSocketImpl.java:638)
	at java.base/sun.security.ssl.SSLSocketImpl.setSoTimeout(SSLSocketImpl.java:74)
	at com.mongodb.internal.connection.SocketStream.read(SocketStream.java:133)
	at com.mongodb.internal.connection.InternalStreamConnection.receiveResponseBuffers(InternalStreamConnection.java:718)
	at com.mongodb.internal.connection.InternalStreamConnection.receiveMessageWithAdditionalTimeout(InternalStreamConnection.java:576)
	... 5 common frames omitted
2023-03-17 03:24:20,497 INFO  SLF4JLogger:76 - [] Exception in monitor thread while connecting to server ac-ptgxnae-shard-00-02.8i1c6xr.mongodb.net:27017
com.mongodb.MongoSocketReadException: Exception receiving message
	at com.mongodb.internal.connection.InternalStreamConnection.translateReadException(InternalStreamConnection.java:707)
	at com.mongodb.internal.connection.InternalStreamConnection.receiveMessageWithAdditionalTimeout(InternalStreamConnection.java:579)
	at com.mongodb.internal.connection.InternalStreamConnection.receiveCommandMessageResponse(InternalStreamConnection.java:415)
	at com.mongodb.internal.connection.InternalStreamConnection.receive(InternalStreamConnection.java:374)
	at com.mongodb.internal.connection.DefaultServerMonitor$ServerMonitorRunnable.lookupServerDescription(DefaultServerMonitor.java:216)
	at com.mongodb.internal.connection.DefaultServerMonitor$ServerMonitorRunnable.run(DefaultServerMonitor.java:152)
	at java.base/java.lang.Thread.run(Thread.java:833)
Caused by: java.net.SocketException: Socket is closed
	at java.base/java.net.Socket.setSoTimeout(Socket.java:1218)
	at java.base/sun.security.ssl.BaseSSLSocketImpl.setSoTimeout(BaseSSLSocketImpl.java:638)
	at java.base/sun.security.ssl.SSLSocketImpl.setSoTimeout(SSLSocketImpl.java:74)
	at com.mongodb.internal.connection.SocketStream.read(SocketStream.java:133)
	at com.mongodb.internal.connection.InternalStreamConnection.receiveResponseBuffers(InternalStreamConnection.java:718)
	at com.mongodb.internal.connection.InternalStreamConnection.receiveMessageWithAdditionalTimeout(InternalStreamConnection.java:576)
	... 5 common frames omitted
2023-03-17 03:24:20,499 INFO  SLF4JLogger:76 - [] Exception in monitor thread while connecting to server ac-ptgxnae-shard-00-01.8i1c6xr.mongodb.net:27017
com.mongodb.MongoSocketReadException: Exception receiving message
	at com.mongodb.internal.connection.InternalStreamConnection.translateReadException(InternalStreamConnection.java:707)
	at com.mongodb.internal.connection.InternalStreamConnection.receiveMessageWithAdditionalTimeout(InternalStreamConnection.java:579)
	at com.mongodb.internal.connection.InternalStreamConnection.receiveCommandMessageResponse(InternalStreamConnection.java:415)
	at com.mongodb.internal.connection.InternalStreamConnection.receive(InternalStreamConnection.java:374)
	at com.mongodb.internal.connection.DefaultServerMonitor$ServerMonitorRunnable.lookupServerDescription(DefaultServerMonitor.java:216)
	at com.mongodb.internal.connection.DefaultServerMonitor$ServerMonitorRunnable.run(DefaultServerMonitor.java:152)
	at java.base/java.lang.Thread.run(Thread.java:833)
Caused by: java.net.SocketException: Socket is closed
	at java.base/java.net.Socket.setSoTimeout(Socket.java:1218)
	at java.base/sun.security.ssl.BaseSSLSocketImpl.setSoTimeout(BaseSSLSocketImpl.java:638)
	at java.base/sun.security.ssl.SSLSocketImpl.setSoTimeout(SSLSocketImpl.java:74)
	at com.mongodb.internal.connection.SocketStream.read(SocketStream.java:133)
	at com.mongodb.internal.connection.InternalStreamConnection.receiveResponseBuffers(InternalStreamConnection.java:718)
	at com.mongodb.internal.connection.InternalStreamConnection.receiveMessageWithAdditionalTimeout(InternalStreamConnection.java:576)
	... 5 common frames omitted
2023-03-17 03:24:20,504 INFO  SLF4JLogger:76 - [] Exception in monitor thread while connecting to server ac-ptgxnae-shard-00-00.8i1c6xr.mongodb.net:27017
com.mongodb.MongoSocketException: No such host is known (ac-ptgxnae-shard-00-00.8i1c6xr.mongodb.net)
	at com.mongodb.ServerAddress.getSocketAddresses(ServerAddress.java:211)
	at com.mongodb.internal.connection.SocketStream.initializeSocket(SocketStream.java:75)
	at com.mongodb.internal.connection.SocketStream.open(SocketStream.java:65)
	at com.mongodb.internal.connection.InternalStreamConnection.open(InternalStreamConnection.java:180)
	at com.mongodb.internal.connection.DefaultServerMonitor$ServerMonitorRunnable.lookupServerDescription(DefaultServerMonitor.java:188)
	at com.mongodb.internal.connection.DefaultServerMonitor$ServerMonitorRunnable.run(DefaultServerMonitor.java:152)
	at java.base/java.lang.Thread.run(Thread.java:833)
Caused by: java.net.UnknownHostException: No such host is known (ac-ptgxnae-shard-00-00.8i1c6xr.mongodb.net)
	at java.base/java.net.Inet6AddressImpl.lookupAllHostAddr(Native Method)
	at java.base/java.net.InetAddress$PlatformNameService.lookupAllHostAddr(InetAddress.java:933)
	at java.base/java.net.InetAddress.getAddressesFromNameService(InetAddress.java:1529)
	at java.base/java.net.InetAddress$NameServiceAddresses.get(InetAddress.java:852)
	at java.base/java.net.InetAddress.getAllByName0(InetAddress.java:1519)
	at java.base/java.net.InetAddress.getAllByName(InetAddress.java:1377)
	at java.base/java.net.InetAddress.getAllByName(InetAddress.java:1305)
	at com.mongodb.ServerAddress.getSocketAddresses(ServerAddress.java:203)
	... 6 common frames omitted
2023-03-17 03:24:20,506 INFO  SLF4JLogger:76 - [] Exception in monitor thread while connecting to server ac-ptgxnae-shard-00-01.8i1c6xr.mongodb.net:27017
com.mongodb.MongoSocketException: No such host is known (ac-ptgxnae-shard-00-01.8i1c6xr.mongodb.net)
	at com.mongodb.ServerAddress.getSocketAddresses(ServerAddress.java:211)
	at com.mongodb.internal.connection.SocketStream.initializeSocket(SocketStream.java:75)
	at com.mongodb.internal.connection.SocketStream.open(SocketStream.java:65)
	at com.mongodb.internal.connection.InternalStreamConnection.open(InternalStreamConnection.java:180)
	at com.mongodb.internal.connection.DefaultServerMonitor$ServerMonitorRunnable.lookupServerDescription(DefaultServerMonitor.java:188)
	at com.mongodb.internal.connection.DefaultServerMonitor$ServerMonitorRunnable.run(DefaultServerMonitor.java:152)
	at java.base/java.lang.Thread.run(Thread.java:833)
Caused by: java.net.UnknownHostException: No such host is known (ac-ptgxnae-shard-00-01.8i1c6xr.mongodb.net)
	at java.base/java.net.Inet6AddressImpl.lookupAllHostAddr(Native Method)
	at java.base/java.net.InetAddress$PlatformNameService.lookupAllHostAddr(InetAddress.java:933)
	at java.base/java.net.InetAddress.getAddressesFromNameService(InetAddress.java:1529)
	at java.base/java.net.InetAddress$NameServiceAddresses.get(InetAddress.java:852)
	at java.base/java.net.InetAddress.getAllByName0(InetAddress.java:1519)
	at java.base/java.net.InetAddress.getAllByName(InetAddress.java:1377)
	at java.base/java.net.InetAddress.getAllByName(InetAddress.java:1305)
	at com.mongodb.ServerAddress.getSocketAddresses(ServerAddress.java:203)
	... 6 common frames omitted
2023-03-17 03:24:20,508 INFO  SLF4JLogger:76 - [] Exception in monitor thread while connecting to server ac-ptgxnae-shard-00-02.8i1c6xr.mongodb.net:27017
com.mongodb.MongoSocketException: No such host is known (ac-ptgxnae-shard-00-02.8i1c6xr.mongodb.net)
	at com.mongodb.ServerAddress.getSocketAddresses(ServerAddress.java:211)
	at com.mongodb.internal.connection.SocketStream.initializeSocket(SocketStream.java:75)
	at com.mongodb.internal.connection.SocketStream.open(SocketStream.java:65)
	at com.mongodb.internal.connection.InternalStreamConnection.open(InternalStreamConnection.java:180)
	at com.mongodb.internal.connection.DefaultServerMonitor$ServerMonitorRunnable.lookupServerDescription(DefaultServerMonitor.java:188)
	at com.mongodb.internal.connection.DefaultServerMonitor$ServerMonitorRunnable.run(DefaultServerMonitor.java:152)
	at java.base/java.lang.Thread.run(Thread.java:833)
Caused by: java.net.UnknownHostException: No such host is known (ac-ptgxnae-shard-00-02.8i1c6xr.mongodb.net)
	at java.base/java.net.Inet6AddressImpl.lookupAllHostAddr(Native Method)
	at java.base/java.net.InetAddress$PlatformNameService.lookupAllHostAddr(InetAddress.java:933)
	at java.base/java.net.InetAddress.getAddressesFromNameService(InetAddress.java:1529)
	at java.base/java.net.InetAddress$NameServiceAddresses.get(InetAddress.java:852)
	at java.base/java.net.InetAddress.getAllByName0(InetAddress.java:1519)
	at java.base/java.net.InetAddress.getAllByName(InetAddress.java:1377)
	at java.base/java.net.InetAddress.getAllByName(InetAddress.java:1305)
	at com.mongodb.ServerAddress.getSocketAddresses(ServerAddress.java:203)
	... 6 common frames omitted
2023-03-17 03:24:32,929 INFO  SLF4JLogger:71 - [] Opened connection [connectionId{localValue:7205, serverValue:26398}] to ac-ptgxnae-shard-00-00.8i1c6xr.mongodb.net:27017
2023-03-17 03:24:32,941 INFO  SLF4JLogger:71 - [] Monitor thread successfully connected to server with description ServerDescription{address=ac-ptgxnae-shard-00-00.8i1c6xr.mongodb.net:27017, type=REPLICA_SET_SECONDARY, state=CONNECTED, ok=true, minWireVersion=0, maxWireVersion=13, maxDocumentSize=16777216, logicalSessionTimeoutMinutes=30, roundTripTimeNanos=2105654200, setName='atlas-un03pj-shard-0', canonicalAddress=ac-ptgxnae-shard-00-00.8i1c6xr.mongodb.net:27017, hosts=[ac-ptgxnae-shard-00-00.8i1c6xr.mongodb.net:27017, ac-ptgxnae-shard-00-02.8i1c6xr.mongodb.net:27017, ac-ptgxnae-shard-00-01.8i1c6xr.mongodb.net:27017], passives=[], arbiters=[], primary='ac-ptgxnae-shard-00-02.8i1c6xr.mongodb.net:27017', tagSet=TagSet{[Tag{name='nodeType', value='ELECTABLE'}, Tag{name='provider', value='AWS'}, Tag{name='region', value='AP_SOUTH_1'}, Tag{name='workloadType', value='OPERATIONAL'}]}, electionId=null, setVersion=6, topologyVersion=TopologyVersion{processId=6412d9d25392fd5a35a009dc, counter=4}, lastWriteDate=Fri Mar 17 03:24:32 IST 2023, lastUpdateTimeNanos=389195212068200}
2023-03-17 03:24:33,081 INFO  SLF4JLogger:71 - [] Opened connection [connectionId{localValue:7204, serverValue:25516}] to ac-ptgxnae-shard-00-01.8i1c6xr.mongodb.net:27017
2023-03-17 03:24:33,082 INFO  SLF4JLogger:71 - [] Monitor thread successfully connected to server with description ServerDescription{address=ac-ptgxnae-shard-00-01.8i1c6xr.mongodb.net:27017, type=REPLICA_SET_SECONDARY, state=CONNECTED, ok=true, minWireVersion=0, maxWireVersion=13, maxDocumentSize=16777216, logicalSessionTimeoutMinutes=30, roundTripTimeNanos=2386251300, setName='atlas-un03pj-shard-0', canonicalAddress=ac-ptgxnae-shard-00-01.8i1c6xr.mongodb.net:27017, hosts=[ac-ptgxnae-shard-00-00.8i1c6xr.mongodb.net:27017, ac-ptgxnae-shard-00-02.8i1c6xr.mongodb.net:27017, ac-ptgxnae-shard-00-01.8i1c6xr.mongodb.net:27017], passives=[], arbiters=[], primary='ac-ptgxnae-shard-00-02.8i1c6xr.mongodb.net:27017', tagSet=TagSet{[Tag{name='nodeType', value='ELECTABLE'}, Tag{name='provider', value='AWS'}, Tag{name='region', value='AP_SOUTH_1'}, Tag{name='workloadType', value='OPERATIONAL'}]}, electionId=null, setVersion=6, topologyVersion=TopologyVersion{processId=6412dc017ea6d26159482874, counter=3}, lastWriteDate=Fri Mar 17 03:24:33 IST 2023, lastUpdateTimeNanos=389195366044200}
2023-03-17 03:24:33,140 INFO  SLF4JLogger:71 - [] Opened connection [connectionId{localValue:7203, serverValue:28152}] to ac-ptgxnae-shard-00-02.8i1c6xr.mongodb.net:27017
2023-03-17 03:24:33,142 INFO  SLF4JLogger:71 - [] Monitor thread successfully connected to server with description ServerDescription{address=ac-ptgxnae-shard-00-02.8i1c6xr.mongodb.net:27017, type=REPLICA_SET_PRIMARY, state=CONNECTED, ok=true, minWireVersion=0, maxWireVersion=13, maxDocumentSize=16777216, logicalSessionTimeoutMinutes=30, roundTripTimeNanos=2281497600, setName='atlas-un03pj-shard-0', canonicalAddress=ac-ptgxnae-shard-00-02.8i1c6xr.mongodb.net:27017, hosts=[ac-ptgxnae-shard-00-00.8i1c6xr.mongodb.net:27017, ac-ptgxnae-shard-00-02.8i1c6xr.mongodb.net:27017, ac-ptgxnae-shard-00-01.8i1c6xr.mongodb.net:27017], passives=[], arbiters=[], primary='ac-ptgxnae-shard-00-02.8i1c6xr.mongodb.net:27017', tagSet=TagSet{[Tag{name='nodeType', value='ELECTABLE'}, Tag{name='provider', value='AWS'}, Tag{name='region', value='AP_SOUTH_1'}, Tag{name='workloadType', value='OPERATIONAL'}]}, electionId=7fffffff000000000000013d, setVersion=6, topologyVersion=TopologyVersion{processId=6412dafe4213620824f975e8, counter=6}, lastWriteDate=Fri Mar 17 03:24:33 IST 2023, lastUpdateTimeNanos=389195424650500}
2023-03-17 03:24:33,143 INFO  SLF4JLogger:71 - [] Discovered replica set primary ac-ptgxnae-shard-00-02.8i1c6xr.mongodb.net:27017
2023-03-17 03:24:34,961 INFO  SLF4JLogger:71 - [] Opened connection [connectionId{localValue:7206, serverValue:28194}] to ac-ptgxnae-shard-00-02.8i1c6xr.mongodb.net:27017
2023-03-17 03:24:38,917 INFO  SLF4JLogger:71 - [] Opened connection [connectionId{localValue:7207, serverValue:25472}] to ac-ptgxnae-shard-00-01.8i1c6xr.mongodb.net:27017
2023-03-17 03:24:39,108 INFO  SLF4JLogger:71 - [] Opened connection [connectionId{localValue:7208, serverValue:26439}] to ac-ptgxnae-shard-00-00.8i1c6xr.mongodb.net:27017
2023-03-17 09:13:08,545 INFO  SLF4JLogger:76 - [] Exception in monitor thread while connecting to server ac-ptgxnae-shard-00-01.8i1c6xr.mongodb.net:27017
com.mongodb.MongoSocketReadException: Exception receiving message
	at com.mongodb.internal.connection.InternalStreamConnection.translateReadException(InternalStreamConnection.java:707)
	at com.mongodb.internal.connection.InternalStreamConnection.receiveMessageWithAdditionalTimeout(InternalStreamConnection.java:579)
	at com.mongodb.internal.connection.InternalStreamConnection.receiveCommandMessageResponse(InternalStreamConnection.java:415)
	at com.mongodb.internal.connection.InternalStreamConnection.receive(InternalStreamConnection.java:374)
	at com.mongodb.internal.connection.DefaultServerMonitor$ServerMonitorRunnable.lookupServerDescription(DefaultServerMonitor.java:216)
	at com.mongodb.internal.connection.DefaultServerMonitor$ServerMonitorRunnable.run(DefaultServerMonitor.java:152)
	at java.base/java.lang.Thread.run(Thread.java:833)
Caused by: java.net.SocketException: Socket is closed
	at java.base/java.net.Socket.setSoTimeout(Socket.java:1218)
	at java.base/sun.security.ssl.BaseSSLSocketImpl.setSoTimeout(BaseSSLSocketImpl.java:638)
	at java.base/sun.security.ssl.SSLSocketImpl.setSoTimeout(SSLSocketImpl.java:74)
	at com.mongodb.internal.connection.SocketStream.read(SocketStream.java:133)
	at com.mongodb.internal.connection.InternalStreamConnection.receiveResponseBuffers(InternalStreamConnection.java:718)
	at com.mongodb.internal.connection.InternalStreamConnection.receiveMessageWithAdditionalTimeout(InternalStreamConnection.java:576)
	... 5 common frames omitted
2023-03-17 09:13:08,546 INFO  SLF4JLogger:76 - [] Exception in monitor thread while connecting to server ac-ptgxnae-shard-00-00.8i1c6xr.mongodb.net:27017
com.mongodb.MongoSocketReadException: Exception receiving message
	at com.mongodb.internal.connection.InternalStreamConnection.translateReadException(InternalStreamConnection.java:707)
	at com.mongodb.internal.connection.InternalStreamConnection.receiveMessageWithAdditionalTimeout(InternalStreamConnection.java:579)
	at com.mongodb.internal.connection.InternalStreamConnection.receiveCommandMessageResponse(InternalStreamConnection.java:415)
	at com.mongodb.internal.connection.InternalStreamConnection.receive(InternalStreamConnection.java:374)
	at com.mongodb.internal.connection.DefaultServerMonitor$ServerMonitorRunnable.lookupServerDescription(DefaultServerMonitor.java:216)
	at com.mongodb.internal.connection.DefaultServerMonitor$ServerMonitorRunnable.run(DefaultServerMonitor.java:152)
	at java.base/java.lang.Thread.run(Thread.java:833)
Caused by: java.net.SocketException: Socket is closed
	at java.base/java.net.Socket.setSoTimeout(Socket.java:1218)
	at java.base/sun.security.ssl.BaseSSLSocketImpl.setSoTimeout(BaseSSLSocketImpl.java:638)
	at java.base/sun.security.ssl.SSLSocketImpl.setSoTimeout(SSLSocketImpl.java:74)
	at com.mongodb.internal.connection.SocketStream.read(SocketStream.java:133)
	at com.mongodb.internal.connection.InternalStreamConnection.receiveResponseBuffers(InternalStreamConnection.java:718)
	at com.mongodb.internal.connection.InternalStreamConnection.receiveMessageWithAdditionalTimeout(InternalStreamConnection.java:576)
	... 5 common frames omitted
2023-03-17 09:13:08,546 INFO  SLF4JLogger:76 - [] Exception in monitor thread while connecting to server ac-ptgxnae-shard-00-02.8i1c6xr.mongodb.net:27017
com.mongodb.MongoSocketReadException: Exception receiving message
	at com.mongodb.internal.connection.InternalStreamConnection.translateReadException(InternalStreamConnection.java:707)
	at com.mongodb.internal.connection.InternalStreamConnection.receiveMessageWithAdditionalTimeout(InternalStreamConnection.java:579)
	at com.mongodb.internal.connection.InternalStreamConnection.receiveCommandMessageResponse(InternalStreamConnection.java:415)
	at com.mongodb.internal.connection.InternalStreamConnection.receive(InternalStreamConnection.java:374)
	at com.mongodb.internal.connection.DefaultServerMonitor$ServerMonitorRunnable.lookupServerDescription(DefaultServerMonitor.java:216)
	at com.mongodb.internal.connection.DefaultServerMonitor$ServerMonitorRunnable.run(DefaultServerMonitor.java:152)
	at java.base/java.lang.Thread.run(Thread.java:833)
Caused by: java.net.SocketException: Socket is closed
	at java.base/java.net.Socket.setSoTimeout(Socket.java:1218)
	at java.base/sun.security.ssl.BaseSSLSocketImpl.setSoTimeout(BaseSSLSocketImpl.java:638)
	at java.base/sun.security.ssl.SSLSocketImpl.setSoTimeout(SSLSocketImpl.java:74)
	at com.mongodb.internal.connection.SocketStream.read(SocketStream.java:133)
	at com.mongodb.internal.connection.InternalStreamConnection.receiveResponseBuffers(InternalStreamConnection.java:718)
	at com.mongodb.internal.connection.InternalStreamConnection.receiveMessageWithAdditionalTimeout(InternalStreamConnection.java:576)
	... 5 common frames omitted
2023-03-17 09:13:08,680 INFO  SLF4JLogger:71 - [] Opened connection [connectionId{localValue:7210, serverValue:34365}] to ac-ptgxnae-shard-00-00.8i1c6xr.mongodb.net:27017
2023-03-17 09:13:08,685 INFO  SLF4JLogger:71 - [] Monitor thread successfully connected to server with description ServerDescription{address=ac-ptgxnae-shard-00-00.8i1c6xr.mongodb.net:27017, type=REPLICA_SET_SECONDARY, state=CONNECTED, ok=true, minWireVersion=0, maxWireVersion=13, maxDocumentSize=16777216, logicalSessionTimeoutMinutes=30, roundTripTimeNanos=95892100, setName='atlas-un03pj-shard-0', canonicalAddress=ac-ptgxnae-shard-00-00.8i1c6xr.mongodb.net:27017, hosts=[ac-ptgxnae-shard-00-00.8i1c6xr.mongodb.net:27017, ac-ptgxnae-shard-00-02.8i1c6xr.mongodb.net:27017, ac-ptgxnae-shard-00-01.8i1c6xr.mongodb.net:27017], passives=[], arbiters=[], primary='ac-ptgxnae-shard-00-02.8i1c6xr.mongodb.net:27017', tagSet=TagSet{[Tag{name='nodeType', value='ELECTABLE'}, Tag{name='provider', value='AWS'}, Tag{name='region', value='AP_SOUTH_1'}, Tag{name='workloadType', value='OPERATIONAL'}]}, electionId=null, setVersion=6, topologyVersion=TopologyVersion{processId=6412d9d25392fd5a35a009dc, counter=4}, lastWriteDate=Fri Mar 17 09:13:08 IST 2023, lastUpdateTimeNanos=410125116001300}
2023-03-17 09:13:08,723 INFO  SLF4JLogger:71 - [] Opened connection [connectionId{localValue:7211, serverValue:35859}] to ac-ptgxnae-shard-00-02.8i1c6xr.mongodb.net:27017
2023-03-17 09:13:08,723 INFO  SLF4JLogger:71 - [] Opened connection [connectionId{localValue:7209, serverValue:33398}] to ac-ptgxnae-shard-00-01.8i1c6xr.mongodb.net:27017
2023-03-17 09:13:08,723 INFO  SLF4JLogger:71 - [] Monitor thread successfully connected to server with description ServerDescription{address=ac-ptgxnae-shard-00-02.8i1c6xr.mongodb.net:27017, type=REPLICA_SET_PRIMARY, state=CONNECTED, ok=true, minWireVersion=0, maxWireVersion=13, maxDocumentSize=16777216, logicalSessionTimeoutMinutes=30, roundTripTimeNanos=127194200, setName='atlas-un03pj-shard-0', canonicalAddress=ac-ptgxnae-shard-00-02.8i1c6xr.mongodb.net:27017, hosts=[ac-ptgxnae-shard-00-00.8i1c6xr.mongodb.net:27017, ac-ptgxnae-shard-00-02.8i1c6xr.mongodb.net:27017, ac-ptgxnae-shard-00-01.8i1c6xr.mongodb.net:27017], passives=[], arbiters=[], primary='ac-ptgxnae-shard-00-02.8i1c6xr.mongodb.net:27017', tagSet=TagSet{[Tag{name='nodeType', value='ELECTABLE'}, Tag{name='provider', value='AWS'}, Tag{name='region', value='AP_SOUTH_1'}, Tag{name='workloadType', value='OPERATIONAL'}]}, electionId=7fffffff000000000000013d, setVersion=6, topologyVersion=TopologyVersion{processId=6412dafe4213620824f975e8, counter=6}, lastWriteDate=Fri Mar 17 09:13:08 IST 2023, lastUpdateTimeNanos=410125158762100}
2023-03-17 09:13:08,724 INFO  SLF4JLogger:71 - [] Monitor thread successfully connected to server with description ServerDescription{address=ac-ptgxnae-shard-00-01.8i1c6xr.mongodb.net:27017, type=REPLICA_SET_SECONDARY, state=CONNECTED, ok=true, minWireVersion=0, maxWireVersion=13, maxDocumentSize=16777216, logicalSessionTimeoutMinutes=30, roundTripTimeNanos=127623300, setName='atlas-un03pj-shard-0', canonicalAddress=ac-ptgxnae-shard-00-01.8i1c6xr.mongodb.net:27017, hosts=[ac-ptgxnae-shard-00-00.8i1c6xr.mongodb.net:27017, ac-ptgxnae-shard-00-02.8i1c6xr.mongodb.net:27017, ac-ptgxnae-shard-00-01.8i1c6xr.mongodb.net:27017], passives=[], arbiters=[], primary='ac-ptgxnae-shard-00-02.8i1c6xr.mongodb.net:27017', tagSet=TagSet{[Tag{name='nodeType', value='ELECTABLE'}, Tag{name='provider', value='AWS'}, Tag{name='region', value='AP_SOUTH_1'}, Tag{name='workloadType', value='OPERATIONAL'}]}, electionId=null, setVersion=6, topologyVersion=TopologyVersion{processId=6412dc017ea6d26159482874, counter=3}, lastWriteDate=Fri Mar 17 09:13:08 IST 2023, lastUpdateTimeNanos=410125159056100}
2023-03-17 09:13:08,724 INFO  SLF4JLogger:71 - [] Discovered replica set primary ac-ptgxnae-shard-00-02.8i1c6xr.mongodb.net:27017
2023-03-17 09:13:18,648 INFO  SLF4JLogger:71 - [] Opened connection [connectionId{localValue:7212, serverValue:35894}] to ac-ptgxnae-shard-00-02.8i1c6xr.mongodb.net:27017
2023-03-17 09:13:30,233 INFO  SLF4JLogger:71 - [] Opened connection [connectionId{localValue:7213, serverValue:33264}] to ac-ptgxnae-shard-00-01.8i1c6xr.mongodb.net:27017
2023-03-17 09:13:30,434 INFO  SLF4JLogger:71 - [] Opened connection [connectionId{localValue:7214, serverValue:34068}] to ac-ptgxnae-shard-00-00.8i1c6xr.mongodb.net:27017
2023-03-17 09:15:02,663 INFO  ConfigClusterResolver:43 - [] Resolving eureka endpoints via configuration
2023-03-17 09:20:02,522 INFO  ConfigClusterResolver:43 - [] Resolving eureka endpoints via configuration
2023-03-17 09:25:02,150 INFO  ConfigClusterResolver:43 - [] Resolving eureka endpoints via configuration
2023-03-17 09:30:02,166 INFO  ConfigClusterResolver:43 - [] Resolving eureka endpoints via configuration
2023-03-17 09:35:02,171 INFO  ConfigClusterResolver:43 - [] Resolving eureka endpoints via configuration
2023-03-17 09:40:02,182 INFO  ConfigClusterResolver:43 - [] Resolving eureka endpoints via configuration
2023-03-17 09:45:02,189 INFO  ConfigClusterResolver:43 - [] Resolving eureka endpoints via configuration
2023-03-17 09:50:02,202 INFO  ConfigClusterResolver:43 - [] Resolving eureka endpoints via configuration
2023-03-17 09:55:02,211 INFO  ConfigClusterResolver:43 - [] Resolving eureka endpoints via configuration
2023-03-17 10:00:02,215 INFO  ConfigClusterResolver:43 - [] Resolving eureka endpoints via configuration
2023-03-17 10:05:02,234 INFO  ConfigClusterResolver:43 - [] Resolving eureka endpoints via configuration
2023-03-17 10:10:02,258 INFO  ConfigClusterResolver:43 - [] Resolving eureka endpoints via configuration
2023-03-17 10:15:02,268 INFO  ConfigClusterResolver:43 - [] Resolving eureka endpoints via configuration
2023-03-17 10:20:02,311 INFO  ConfigClusterResolver:43 - [] Resolving eureka endpoints via configuration
2023-03-17 10:25:02,326 INFO  ConfigClusterResolver:43 - [] Resolving eureka endpoints via configuration
2023-03-17 10:30:02,334 INFO  ConfigClusterResolver:43 - [] Resolving eureka endpoints via configuration
2023-03-17 10:35:02,339 INFO  ConfigClusterResolver:43 - [] Resolving eureka endpoints via configuration
2023-03-17 10:40:02,353 INFO  ConfigClusterResolver:43 - [] Resolving eureka endpoints via configuration
2023-03-17 10:45:02,372 INFO  ConfigClusterResolver:43 - [] Resolving eureka endpoints via configuration
2023-03-17 10:50:02,380 INFO  ConfigClusterResolver:43 - [] Resolving eureka endpoints via configuration
2023-03-17 10:55:02,397 INFO  ConfigClusterResolver:43 - [] Resolving eureka endpoints via configuration
2023-03-17 11:00:02,410 INFO  ConfigClusterResolver:43 - [] Resolving eureka endpoints via configuration
2023-03-17 11:05:02,425 INFO  ConfigClusterResolver:43 - [] Resolving eureka endpoints via configuration
2023-03-17 11:10:02,432 INFO  ConfigClusterResolver:43 - [] Resolving eureka endpoints via configuration
2023-03-17 11:15:02,445 INFO  ConfigClusterResolver:43 - [] Resolving eureka endpoints via configuration
2023-03-17 11:20:02,459 INFO  ConfigClusterResolver:43 - [] Resolving eureka endpoints via configuration
2023-03-17 11:25:02,463 INFO  ConfigClusterResolver:43 - [] Resolving eureka endpoints via configuration
2023-03-17 11:30:02,475 INFO  ConfigClusterResolver:43 - [] Resolving eureka endpoints via configuration
2023-03-17 11:35:02,496 INFO  ConfigClusterResolver:43 - [] Resolving eureka endpoints via configuration
2023-03-17 11:40:02,512 INFO  ConfigClusterResolver:43 - [] Resolving eureka endpoints via configuration
2023-03-17 11:45:02,517 INFO  ConfigClusterResolver:43 - [] Resolving eureka endpoints via configuration
2023-03-17 11:50:02,525 INFO  ConfigClusterResolver:43 - [] Resolving eureka endpoints via configuration
2023-03-17 11:55:59,550 INFO  SLF4JLogger:76 - [] Exception in monitor thread while connecting to server ac-ptgxnae-shard-00-01.8i1c6xr.mongodb.net:27017
com.mongodb.MongoSocketReadTimeoutException: Timeout while receiving message
	at com.mongodb.internal.connection.InternalStreamConnection.translateReadException(InternalStreamConnection.java:701)
	at com.mongodb.internal.connection.InternalStreamConnection.receiveMessageWithAdditionalTimeout(InternalStreamConnection.java:579)
	at com.mongodb.internal.connection.InternalStreamConnection.receiveCommandMessageResponse(InternalStreamConnection.java:415)
	at com.mongodb.internal.connection.InternalStreamConnection.receive(InternalStreamConnection.java:374)
	at com.mongodb.internal.connection.DefaultServerMonitor$ServerMonitorRunnable.lookupServerDescription(DefaultServerMonitor.java:216)
	at com.mongodb.internal.connection.DefaultServerMonitor$ServerMonitorRunnable.run(DefaultServerMonitor.java:152)
	at java.base/java.lang.Thread.run(Thread.java:833)
Caused by: java.net.SocketTimeoutException: Read timed out
	at java.base/sun.nio.ch.NioSocketImpl.timedRead(NioSocketImpl.java:283)
	at java.base/sun.nio.ch.NioSocketImpl.implRead(NioSocketImpl.java:309)
	at java.base/sun.nio.ch.NioSocketImpl.read(NioSocketImpl.java:350)
	at java.base/sun.nio.ch.NioSocketImpl$1.read(NioSocketImpl.java:803)
	at java.base/java.net.Socket$SocketInputStream.read(Socket.java:966)
	at java.base/sun.security.ssl.SSLSocketInputRecord.read(SSLSocketInputRecord.java:478)
	at java.base/sun.security.ssl.SSLSocketInputRecord.readHeader(SSLSocketInputRecord.java:472)
	at java.base/sun.security.ssl.SSLSocketInputRecord.bytesInCompletePacket(SSLSocketInputRecord.java:70)
	at java.base/sun.security.ssl.SSLSocketImpl.readApplicationRecord(SSLSocketImpl.java:1460)
	at java.base/sun.security.ssl.SSLSocketImpl$AppInputStream.read(SSLSocketImpl.java:1064)
	at com.mongodb.internal.connection.SocketStream.read(SocketStream.java:109)
	at com.mongodb.internal.connection.SocketStream.read(SocketStream.java:131)
	at com.mongodb.internal.connection.InternalStreamConnection.receiveResponseBuffers(InternalStreamConnection.java:718)
	at com.mongodb.internal.connection.InternalStreamConnection.receiveMessageWithAdditionalTimeout(InternalStreamConnection.java:576)
	... 5 common frames omitted
2023-03-17 11:55:59,550 INFO  SLF4JLogger:76 - [] Exception in monitor thread while connecting to server ac-ptgxnae-shard-00-00.8i1c6xr.mongodb.net:27017
com.mongodb.MongoSocketReadTimeoutException: Timeout while receiving message
	at com.mongodb.internal.connection.InternalStreamConnection.translateReadException(InternalStreamConnection.java:701)
	at com.mongodb.internal.connection.InternalStreamConnection.receiveMessageWithAdditionalTimeout(InternalStreamConnection.java:579)
	at com.mongodb.internal.connection.InternalStreamConnection.receiveCommandMessageResponse(InternalStreamConnection.java:415)
	at com.mongodb.internal.connection.InternalStreamConnection.receive(InternalStreamConnection.java:374)
	at com.mongodb.internal.connection.DefaultServerMonitor$ServerMonitorRunnable.lookupServerDescription(DefaultServerMonitor.java:216)
	at com.mongodb.internal.connection.DefaultServerMonitor$ServerMonitorRunnable.run(DefaultServerMonitor.java:152)
	at java.base/java.lang.Thread.run(Thread.java:833)
Caused by: java.net.SocketTimeoutException: Read timed out
	at java.base/sun.nio.ch.NioSocketImpl.timedRead(NioSocketImpl.java:283)
	at java.base/sun.nio.ch.NioSocketImpl.implRead(NioSocketImpl.java:309)
	at java.base/sun.nio.ch.NioSocketImpl.read(NioSocketImpl.java:350)
	at java.base/sun.nio.ch.NioSocketImpl$1.read(NioSocketImpl.java:803)
	at java.base/java.net.Socket$SocketInputStream.read(Socket.java:966)
	at java.base/sun.security.ssl.SSLSocketInputRecord.read(SSLSocketInputRecord.java:478)
	at java.base/sun.security.ssl.SSLSocketInputRecord.readHeader(SSLSocketInputRecord.java:472)
	at java.base/sun.security.ssl.SSLSocketInputRecord.bytesInCompletePacket(SSLSocketInputRecord.java:70)
	at java.base/sun.security.ssl.SSLSocketImpl.readApplicationRecord(SSLSocketImpl.java:1460)
	at java.base/sun.security.ssl.SSLSocketImpl$AppInputStream.read(SSLSocketImpl.java:1064)
	at com.mongodb.internal.connection.SocketStream.read(SocketStream.java:109)
	at com.mongodb.internal.connection.SocketStream.read(SocketStream.java:131)
	at com.mongodb.internal.connection.InternalStreamConnection.receiveResponseBuffers(InternalStreamConnection.java:718)
	at com.mongodb.internal.connection.InternalStreamConnection.receiveMessageWithAdditionalTimeout(InternalStreamConnection.java:576)
	... 5 common frames omitted
2023-03-17 11:55:59,753 INFO  SLF4JLogger:71 - [] Opened connection [connectionId{localValue:7215, serverValue:38617}] to ac-ptgxnae-shard-00-01.8i1c6xr.mongodb.net:27017
2023-03-17 11:55:59,754 INFO  SLF4JLogger:71 - [] Opened connection [connectionId{localValue:7216, serverValue:39483}] to ac-ptgxnae-shard-00-00.8i1c6xr.mongodb.net:27017
2023-03-17 11:55:59,757 INFO  SLF4JLogger:71 - [] Monitor thread successfully connected to server with description ServerDescription{address=ac-ptgxnae-shard-00-01.8i1c6xr.mongodb.net:27017, type=REPLICA_SET_SECONDARY, state=CONNECTED, ok=true, minWireVersion=0, maxWireVersion=13, maxDocumentSize=16777216, logicalSessionTimeoutMinutes=30, roundTripTimeNanos=138475500, setName='atlas-un03pj-shard-0', canonicalAddress=ac-ptgxnae-shard-00-01.8i1c6xr.mongodb.net:27017, hosts=[ac-ptgxnae-shard-00-00.8i1c6xr.mongodb.net:27017, ac-ptgxnae-shard-00-02.8i1c6xr.mongodb.net:27017, ac-ptgxnae-shard-00-01.8i1c6xr.mongodb.net:27017], passives=[], arbiters=[], primary='ac-ptgxnae-shard-00-02.8i1c6xr.mongodb.net:27017', tagSet=TagSet{[Tag{name='nodeType', value='ELECTABLE'}, Tag{name='provider', value='AWS'}, Tag{name='region', value='AP_SOUTH_1'}, Tag{name='workloadType', value='OPERATIONAL'}]}, electionId=null, setVersion=6, topologyVersion=TopologyVersion{processId=6412dc017ea6d26159482874, counter=3}, lastWriteDate=Fri Mar 17 11:55:59 IST 2023, lastUpdateTimeNanos=419896677276200}
2023-03-17 11:55:59,757 INFO  SLF4JLogger:71 - [] Monitor thread successfully connected to server with description ServerDescription{address=ac-ptgxnae-shard-00-00.8i1c6xr.mongodb.net:27017, type=REPLICA_SET_SECONDARY, state=CONNECTED, ok=true, minWireVersion=0, maxWireVersion=13, maxDocumentSize=16777216, logicalSessionTimeoutMinutes=30, roundTripTimeNanos=139640900, setName='atlas-un03pj-shard-0', canonicalAddress=ac-ptgxnae-shard-00-00.8i1c6xr.mongodb.net:27017, hosts=[ac-ptgxnae-shard-00-00.8i1c6xr.mongodb.net:27017, ac-ptgxnae-shard-00-02.8i1c6xr.mongodb.net:27017, ac-ptgxnae-shard-00-01.8i1c6xr.mongodb.net:27017], passives=[], arbiters=[], primary='ac-ptgxnae-shard-00-02.8i1c6xr.mongodb.net:27017', tagSet=TagSet{[Tag{name='nodeType', value='ELECTABLE'}, Tag{name='provider', value='AWS'}, Tag{name='region', value='AP_SOUTH_1'}, Tag{name='workloadType', value='OPERATIONAL'}]}, electionId=null, setVersion=6, topologyVersion=TopologyVersion{processId=6412d9d25392fd5a35a009dc, counter=4}, lastWriteDate=Fri Mar 17 11:55:59 IST 2023, lastUpdateTimeNanos=419896678271700}
2023-03-17 11:56:01,941 INFO  SLF4JLogger:76 - [] Exception in monitor thread while connecting to server ac-ptgxnae-shard-00-02.8i1c6xr.mongodb.net:27017
com.mongodb.MongoSocketReadTimeoutException: Timeout while receiving message
	at com.mongodb.internal.connection.InternalStreamConnection.translateReadException(InternalStreamConnection.java:701)
	at com.mongodb.internal.connection.InternalStreamConnection.receiveMessageWithAdditionalTimeout(InternalStreamConnection.java:579)
	at com.mongodb.internal.connection.InternalStreamConnection.receiveCommandMessageResponse(InternalStreamConnection.java:415)
	at com.mongodb.internal.connection.InternalStreamConnection.receive(InternalStreamConnection.java:374)
	at com.mongodb.internal.connection.DefaultServerMonitor$ServerMonitorRunnable.lookupServerDescription(DefaultServerMonitor.java:216)
	at com.mongodb.internal.connection.DefaultServerMonitor$ServerMonitorRunnable.run(DefaultServerMonitor.java:152)
	at java.base/java.lang.Thread.run(Thread.java:833)
Caused by: java.net.SocketTimeoutException: Read timed out
	at java.base/sun.nio.ch.NioSocketImpl.timedRead(NioSocketImpl.java:283)
	at java.base/sun.nio.ch.NioSocketImpl.implRead(NioSocketImpl.java:309)
	at java.base/sun.nio.ch.NioSocketImpl.read(NioSocketImpl.java:350)
	at java.base/sun.nio.ch.NioSocketImpl$1.read(NioSocketImpl.java:803)
	at java.base/java.net.Socket$SocketInputStream.read(Socket.java:966)
	at java.base/sun.security.ssl.SSLSocketInputRecord.read(SSLSocketInputRecord.java:478)
	at java.base/sun.security.ssl.SSLSocketInputRecord.readHeader(SSLSocketInputRecord.java:472)
	at java.base/sun.security.ssl.SSLSocketInputRecord.bytesInCompletePacket(SSLSocketInputRecord.java:70)
	at java.base/sun.security.ssl.SSLSocketImpl.readApplicationRecord(SSLSocketImpl.java:1460)
	at java.base/sun.security.ssl.SSLSocketImpl$AppInputStream.read(SSLSocketImpl.java:1064)
	at com.mongodb.internal.connection.SocketStream.read(SocketStream.java:109)
	at com.mongodb.internal.connection.SocketStream.read(SocketStream.java:131)
	at com.mongodb.internal.connection.InternalStreamConnection.receiveResponseBuffers(InternalStreamConnection.java:718)
	at com.mongodb.internal.connection.InternalStreamConnection.receiveMessageWithAdditionalTimeout(InternalStreamConnection.java:576)
	... 5 common frames omitted
2023-03-17 11:56:02,065 INFO  SLF4JLogger:71 - [] Opened connection [connectionId{localValue:7217, serverValue:41357}] to ac-ptgxnae-shard-00-02.8i1c6xr.mongodb.net:27017
2023-03-17 11:56:02,066 INFO  SLF4JLogger:71 - [] Monitor thread successfully connected to server with description ServerDescription{address=ac-ptgxnae-shard-00-02.8i1c6xr.mongodb.net:27017, type=REPLICA_SET_PRIMARY, state=CONNECTED, ok=true, minWireVersion=0, maxWireVersion=13, maxDocumentSize=16777216, logicalSessionTimeoutMinutes=30, roundTripTimeNanos=96802700, setName='atlas-un03pj-shard-0', canonicalAddress=ac-ptgxnae-shard-00-02.8i1c6xr.mongodb.net:27017, hosts=[ac-ptgxnae-shard-00-00.8i1c6xr.mongodb.net:27017, ac-ptgxnae-shard-00-02.8i1c6xr.mongodb.net:27017, ac-ptgxnae-shard-00-01.8i1c6xr.mongodb.net:27017], passives=[], arbiters=[], primary='ac-ptgxnae-shard-00-02.8i1c6xr.mongodb.net:27017', tagSet=TagSet{[Tag{name='nodeType', value='ELECTABLE'}, Tag{name='provider', value='AWS'}, Tag{name='region', value='AP_SOUTH_1'}, Tag{name='workloadType', value='OPERATIONAL'}]}, electionId=7fffffff000000000000013d, setVersion=6, topologyVersion=TopologyVersion{processId=6412dafe4213620824f975e8, counter=6}, lastWriteDate=Fri Mar 17 11:56:02 IST 2023, lastUpdateTimeNanos=419898988798500}
2023-03-17 11:56:02,066 INFO  SLF4JLogger:71 - [] Discovered replica set primary ac-ptgxnae-shard-00-02.8i1c6xr.mongodb.net:27017
2023-03-17 11:56:25,574 INFO  ConfigClusterResolver:43 - [] Resolving eureka endpoints via configuration
2023-03-17 12:01:25,586 INFO  ConfigClusterResolver:43 - [] Resolving eureka endpoints via configuration
2023-03-17 12:06:25,602 INFO  ConfigClusterResolver:43 - [] Resolving eureka endpoints via configuration
2023-03-17 12:11:25,613 INFO  ConfigClusterResolver:43 - [] Resolving eureka endpoints via configuration
